2024-08-15 09:36:20,280 INFO    StreamThr :1023029 [internal.py:wandb_internal():85] W&B internal server running at pid: 1023029, started at: 2024-08-15 09:36:20.279763
2024-08-15 09:36:20,282 DEBUG   HandlerThread:1023029 [handler.py:handle_request():158] handle_request: status
2024-08-15 09:36:20,285 INFO    WriterThread:1023029 [datastore.py:open_for_write():87] open: /data/hepengyu/11script/wandb/offline-run-20240815_093620-7blpl233/run-7blpl233.wandb
2024-08-15 09:36:20,329 DEBUG   HandlerThread:1023029 [handler.py:handle_request():158] handle_request: run_start
2024-08-15 09:36:20,336 DEBUG   HandlerThread:1023029 [system_info.py:__init__():26] System info init
2024-08-15 09:36:20,336 DEBUG   HandlerThread:1023029 [system_info.py:__init__():41] System info init done
2024-08-15 09:36:20,336 INFO    HandlerThread:1023029 [system_monitor.py:start():194] Starting system monitor
2024-08-15 09:36:20,336 INFO    SystemMonitor:1023029 [system_monitor.py:_start():158] Starting system asset monitoring threads
2024-08-15 09:36:20,336 INFO    HandlerThread:1023029 [system_monitor.py:probe():214] Collecting system info
2024-08-15 09:36:20,337 INFO    SystemMonitor:1023029 [interfaces.py:start():188] Started cpu monitoring
2024-08-15 09:36:20,338 INFO    SystemMonitor:1023029 [interfaces.py:start():188] Started disk monitoring
2024-08-15 09:36:20,339 INFO    SystemMonitor:1023029 [interfaces.py:start():188] Started gpu monitoring
2024-08-15 09:36:20,340 INFO    SystemMonitor:1023029 [interfaces.py:start():188] Started memory monitoring
2024-08-15 09:36:20,340 INFO    SystemMonitor:1023029 [interfaces.py:start():188] Started network monitoring
2024-08-15 09:36:20,387 DEBUG   HandlerThread:1023029 [system_info.py:probe():152] Probing system
2024-08-15 09:36:20,389 DEBUG   HandlerThread:1023029 [gitlib.py:_init_repo():56] git repository is invalid
2024-08-15 09:36:20,389 DEBUG   HandlerThread:1023029 [system_info.py:probe():200] Probing system done
2024-08-15 09:36:20,389 DEBUG   HandlerThread:1023029 [system_monitor.py:probe():223] {'os': 'Linux-5.15.0-67-generic-x86_64-with-glibc2.31', 'python': '3.10.14', 'heartbeatAt': '2024-08-15T01:36:20.387812', 'startedAt': '2024-08-15T01:36:20.275311', 'docker': None, 'cuda': None, 'args': ('--pretrained_teacher_model=/data/hepengyu/teachermodels/SD1-5', '--output_dir=/data/hepengyu/trainingLCM/output', '--mixed_precision=fp16', '--resolution=512', '--learning_rate=8e-6', '--loss_type=huber', '--ema_decay=0.999943', '--adam_weight_decay=0.0', '--max_train_steps=100000', '--max_train_samples=166000', '--dataloader_num_workers=8', '--train_shards_path_or_url=pipe:curl -L -s file:///data/hepengyu/pictures/Laion-65p-tar/{00001..00166}.tar', '--validation_steps=200', '--checkpointing_steps=1000', '--checkpoints_total_limit=110', '--train_batch_size=16', '--gradient_checkpointing', '--enable_xformers_memory_efficient_attention', '--gradient_accumulation_steps=1', '--use_8bit_adam', '--resume_from_checkpoint=latest', '--logging_dir=/data/hepengyu/trainingLCM/logs', '--cache_dir=/data/hepengyu/trainingLCM/cache', '--report_to=wandb', '--num_ddim_timesteps=50', '--w_min=2.0', '--w_max=14.0', '--seed=453645634'), 'state': 'running', 'program': '/data/hepengyu/diffusersLCM/examples/consistency_distillation/train_lcm_distill_sd_wds_only_origin.py', 'codePathLocal': None, 'host': 'gpu007', 'username': 'hepengyu', 'executable': '/data/hepengyu/anaconda3/envs/lcmenv/bin/python', 'cpu_count': 24, 'cpu_count_logical': 24, 'cpu_freq': {'current': 1.6965416666666668, 'min': 1500.0, 'max': 2850.0}, 'cpu_freq_per_core': [{'current': 1.565, 'min': 1500.0, 'max': 2850.0}, {'current': 1.5, 'min': 1500.0, 'max': 2850.0}, {'current': 1.5, 'min': 1500.0, 'max': 2850.0}, {'current': 1.5, 'min': 1500.0, 'max': 2850.0}, {'current': 1.5, 'min': 1500.0, 'max': 2850.0}, {'current': 1.5, 'min': 1500.0, 'max': 2850.0}, {'current': 1.5, 'min': 1500.0, 'max': 2850.0}, {'current': 1.5, 'min': 1500.0, 'max': 2850.0}, {'current': 1.5, 'min': 1500.0, 'max': 2850.0}, {'current': 1.5, 'min': 1500.0, 'max': 2850.0}, {'current': 1.5, 'min': 1500.0, 'max': 2850.0}, {'current': 1.5, 'min': 1500.0, 'max': 2850.0}, {'current': 3.859, 'min': 1500.0, 'max': 2850.0}, {'current': 1.5, 'min': 1500.0, 'max': 2850.0}, {'current': 1.5, 'min': 1500.0, 'max': 2850.0}, {'current': 1.5, 'min': 1500.0, 'max': 2850.0}, {'current': 1.5, 'min': 1500.0, 'max': 2850.0}, {'current': 1.5, 'min': 1500.0, 'max': 2850.0}, {'current': 1.5, 'min': 1500.0, 'max': 2850.0}, {'current': 2.1, 'min': 1500.0, 'max': 2850.0}, {'current': 2.395, 'min': 1500.0, 'max': 2850.0}, {'current': 1.5, 'min': 1500.0, 'max': 2850.0}, {'current': 1.5, 'min': 1500.0, 'max': 2850.0}, {'current': 1.5, 'min': 1500.0, 'max': 2850.0}], 'disk': {'/': {'total': 878.620922088623, 'used': 232.90337753295898}}, 'gpu': 'NVIDIA GeForce RTX 4090', 'gpu_count': 5, 'gpu_devices': [{'name': 'NVIDIA GeForce RTX 4090', 'memory_total': 25757220864}, {'name': 'NVIDIA GeForce RTX 4090', 'memory_total': 25757220864}, {'name': 'NVIDIA GeForce RTX 4090', 'memory_total': 25757220864}, {'name': 'NVIDIA GeForce RTX 4090', 'memory_total': 25757220864}, {'name': 'NVIDIA GeForce RTX 4090', 'memory_total': 25757220864}], 'memory': {'total': 503.5707092285156}}
2024-08-15 09:36:20,390 INFO    HandlerThread:1023029 [system_monitor.py:probe():224] Finished collecting system info
2024-08-15 09:36:20,390 INFO    HandlerThread:1023029 [system_monitor.py:probe():227] Publishing system info
2024-08-15 09:36:20,390 DEBUG   HandlerThread:1023029 [system_info.py:_save_conda():209] Saving list of conda packages installed into the current environment
2024-08-15 09:36:22,759 DEBUG   HandlerThread:1023029 [system_info.py:_save_conda():224] Saving conda packages done
2024-08-15 09:36:22,760 INFO    HandlerThread:1023029 [system_monitor.py:probe():229] Finished publishing system info
2024-08-15 09:36:22,835 DEBUG   HandlerThread:1023029 [handler.py:handle_request():158] handle_request: python_packages
2024-08-15 09:36:24,341 INFO    cpu       :1023029 [interfaces.py:monitor():138] Process cpu has exited.
2024-08-15 09:36:24,341 DEBUG   SystemMonitor:1023029 [system_monitor.py:_start():172] Starting system metrics aggregation loop
2024-08-15 09:36:24,341 DEBUG   SystemMonitor:1023029 [system_monitor.py:_start():179] Finished system metrics aggregation loop
2024-08-15 09:36:24,341 DEBUG   SystemMonitor:1023029 [system_monitor.py:_start():183] Publishing last batch of metrics
2024-08-15 09:36:25,285 DEBUG   HandlerThread:1023029 [handler.py:handle_request():158] handle_request: status_report
2024-08-15 09:36:25,285 DEBUG   SenderThread:1023029 [sender.py:send_request():406] send_request: status_report
2024-08-15 09:36:25,290 INFO    MainThread:1023029 [internal.py:handle_exit():75] Internal process exited
