
Checkpoint 'latest' does not exist. Starting a new training run.
08/12/2024 17:40:41 - INFO - __main__ - ***** Running training *****
08/12/2024 17:40:41 - INFO - __main__ -   Num batches each epoch = 608
08/12/2024 17:40:41 - INFO - __main__ -   Num Epochs = 9
08/12/2024 17:40:41 - INFO - __main__ -   Instantaneous batch size per device = 16
08/12/2024 17:40:41 - INFO - __main__ -   Total train batch size (w. parallel, distributed & accumulation) = 32
08/12/2024 17:40:41 - INFO - __main__ -   Gradient Accumulation steps = 1
08/12/2024 17:40:41 - INFO - __main__ -   Total optimization steps = 5000
Steps:   4%|██▉                                                                     | 200/5000 [07:16<2:53:47,  2.17s/it, loss=0.0429, lr=1e-6]08/12/2024 17:47:58 - INFO - __main__ - Running validation...
{'thresholding', 'timestep_spacing', 'timestep_scaling', 'original_inference_steps', 'clip_sample_range', 'sample_max_value', 'rescale_betas_zero_snr', 'dynamic_thresholding_ratio', 'prediction_type'} was not found in config. Values will be initialized to default values.
{'requires_safety_checker', 'image_encoder'} was not found in config. Values will be initialized to default values.
                                                                                                                                               Loaded safety_checker as StableDiffusionSafetyChecker from `safety_checker` subfolder of /data/hepengyu/teachermodels/SD1-5.
Loading pipeline components...:   0%|                                                                                    | 0/7 [00:00<?, ?it/s]Loaded tokenizer as CLIPTokenizer from `tokenizer` subfolder of /data/hepengyu/teachermodels/SD1-5.
Loaded text_encoder as CLIPTextModel from `text_encoder` subfolder of /data/hepengyu/teachermodels/SD1-5.        | 1/7 [00:00<00:02,  2.79it/s]
                                                                                                                                               Loaded feature_extractor as CLIPImageProcessor from `feature_extractor` subfolder of /data/hepengyu/teachermodels/SD1-5.
Loading pipeline components...: 100%|████████████████████████████████████████████████████████████████████████████| 7/7 [00:00<00:00, 11.53it/s]
Potential NSFW content was detected in one or more images. A black image will be returned instead. Try again with a different prompt and/or seed.
Potential NSFW content was detected in one or more images. A black image will be returned instead. Try again with a different prompt and/or seed.
Potential NSFW content was detected in one or more images. A black image will be returned instead. Try again with a different prompt and/or seed.
08/12/2024 17:48:02 - INFO - __main__ - Running validation...
{'thresholding', 'timestep_spacing', 'timestep_scaling', 'original_inference_steps', 'clip_sample_range', 'sample_max_value', 'rescale_betas_zero_snr', 'dynamic_thresholding_ratio', 'prediction_type'} was not found in config. Values will be initialized to default values.
{'requires_safety_checker', 'image_encoder'} was not found in config. Values will be initialized to default values.
                                                                                                                                               Loaded safety_checker as StableDiffusionSafetyChecker from `safety_checker` subfolder of /data/hepengyu/teachermodels/SD1-5.
Loading pipeline components...:   0%|                                                                                    | 0/7 [00:00<?, ?it/s]Loaded tokenizer as CLIPTokenizer from `tokenizer` subfolder of /data/hepengyu/teachermodels/SD1-5.
Loaded text_encoder as CLIPTextModel from `text_encoder` subfolder of /data/hepengyu/teachermodels/SD1-5.        | 1/7 [00:00<00:01,  3.85it/s]
                                                                                                                                               Loaded feature_extractor as CLIPImageProcessor from `feature_extractor` subfolder of /data/hepengyu/teachermodels/SD1-5.
Loading pipeline components...: 100%|████████████████████████████████████████████████████████████████████████████| 7/7 [00:00<00:00, 13.97it/s]
Potential NSFW content was detected in one or more images. A black image will be returned instead. Try again with a different prompt and/or seed.
Potential NSFW content was detected in one or more images. A black image will be returned instead. Try again with a different prompt and/or seed.
Potential NSFW content was detected in one or more images. A black image will be returned instead. Try again with a different prompt and/or seed.
Steps:   8%|█████▊                                                                  | 400/5000 [14:39<2:46:12,  2.17s/it, loss=0.0496, lr=1e-6]08/12/2024 17:55:21 - INFO - __main__ - Running validation...
{'thresholding', 'timestep_spacing', 'timestep_scaling', 'original_inference_steps', 'clip_sample_range', 'sample_max_value', 'rescale_betas_zero_snr', 'dynamic_thresholding_ratio', 'prediction_type'} was not found in config. Values will be initialized to default values.
{'requires_safety_checker', 'image_encoder'} was not found in config. Values will be initialized to default values.
                                                                                                                                               Loaded safety_checker as StableDiffusionSafetyChecker from `safety_checker` subfolder of /data/hepengyu/teachermodels/SD1-5.
Loading pipeline components...:   0%|                                                                                    | 0/7 [00:00<?, ?it/s]Loaded tokenizer as CLIPTokenizer from `tokenizer` subfolder of /data/hepengyu/teachermodels/SD1-5.
Loaded text_encoder as CLIPTextModel from `text_encoder` subfolder of /data/hepengyu/teachermodels/SD1-5.        | 1/7 [00:00<00:01,  3.80it/s]
                                                                                                                                               Loaded feature_extractor as CLIPImageProcessor from `feature_extractor` subfolder of /data/hepengyu/teachermodels/SD1-5.
Loading pipeline components...: 100%|████████████████████████████████████████████████████████████████████████████| 7/7 [00:00<00:00, 13.93it/s]
Potential NSFW content was detected in one or more images. A black image will be returned instead. Try again with a different prompt and/or seed.
08/12/2024 17:55:25 - INFO - __main__ - Running validation...
{'thresholding', 'timestep_spacing', 'timestep_scaling', 'original_inference_steps', 'clip_sample_range', 'sample_max_value', 'rescale_betas_zero_snr', 'dynamic_thresholding_ratio', 'prediction_type'} was not found in config. Values will be initialized to default values.
{'requires_safety_checker', 'image_encoder'} was not found in config. Values will be initialized to default values.
                                                                                                                                               Loaded safety_checker as StableDiffusionSafetyChecker from `safety_checker` subfolder of /data/hepengyu/teachermodels/SD1-5.
Loading pipeline components...:   0%|                                                                                    | 0/7 [00:00<?, ?it/s]Loaded tokenizer as CLIPTokenizer from `tokenizer` subfolder of /data/hepengyu/teachermodels/SD1-5.
Loaded text_encoder as CLIPTextModel from `text_encoder` subfolder of /data/hepengyu/teachermodels/SD1-5.        | 1/7 [00:00<00:01,  3.81it/s]
                                                                                                                                               Loaded feature_extractor as CLIPImageProcessor from `feature_extractor` subfolder of /data/hepengyu/teachermodels/SD1-5.
Loading pipeline components...: 100%|████████████████████████████████████████████████████████████████████████████| 7/7 [00:00<00:00, 13.60it/s]
Potential NSFW content was detected in one or more images. A black image will be returned instead. Try again with a different prompt and/or seed.
Steps:  12%|████████▊                                                                | 600/5000 [22:03<2:39:57,  2.18s/it, loss=0.046, lr=1e-6]08/12/2024 18:02:44 - INFO - __main__ - Running validation...
{'thresholding', 'timestep_spacing', 'timestep_scaling', 'original_inference_steps', 'clip_sample_range', 'sample_max_value', 'rescale_betas_zero_snr', 'dynamic_thresholding_ratio', 'prediction_type'} was not found in config. Values will be initialized to default values.
{'requires_safety_checker', 'image_encoder'} was not found in config. Values will be initialized to default values.
                                                                                                                                               Loaded safety_checker as StableDiffusionSafetyChecker from `safety_checker` subfolder of /data/hepengyu/teachermodels/SD1-5.
Loading pipeline components...:   0%|                                                                                    | 0/7 [00:00<?, ?it/s]Loaded tokenizer as CLIPTokenizer from `tokenizer` subfolder of /data/hepengyu/teachermodels/SD1-5.
Loaded text_encoder as CLIPTextModel from `text_encoder` subfolder of /data/hepengyu/teachermodels/SD1-5.        | 1/7 [00:00<00:01,  3.87it/s]
                                                                                                                                               Loaded feature_extractor as CLIPImageProcessor from `feature_extractor` subfolder of /data/hepengyu/teachermodels/SD1-5.
Loading pipeline components...: 100%|████████████████████████████████████████████████████████████████████████████| 7/7 [00:00<00:00, 13.51it/s]
Potential NSFW content was detected in one or more images. A black image will be returned instead. Try again with a different prompt and/or seed.
08/12/2024 18:02:49 - INFO - __main__ - Running validation...
{'thresholding', 'timestep_spacing', 'timestep_scaling', 'original_inference_steps', 'clip_sample_range', 'sample_max_value', 'rescale_betas_zero_snr', 'dynamic_thresholding_ratio', 'prediction_type'} was not found in config. Values will be initialized to default values.
{'requires_safety_checker', 'image_encoder'} was not found in config. Values will be initialized to default values.
                                                                                                                                               Loaded safety_checker as StableDiffusionSafetyChecker from `safety_checker` subfolder of /data/hepengyu/teachermodels/SD1-5.
Loading pipeline components...:   0%|                                                                                    | 0/7 [00:00<?, ?it/s]Loaded tokenizer as CLIPTokenizer from `tokenizer` subfolder of /data/hepengyu/teachermodels/SD1-5.
Loaded text_encoder as CLIPTextModel from `text_encoder` subfolder of /data/hepengyu/teachermodels/SD1-5.        | 1/7 [00:00<00:01,  3.81it/s]
                                                                                                                                               Loaded feature_extractor as CLIPImageProcessor from `feature_extractor` subfolder of /data/hepengyu/teachermodels/SD1-5.
Loading pipeline components...: 100%|████████████████████████████████████████████████████████████████████████████| 7/7 [00:00<00:00, 13.36it/s]
Potential NSFW content was detected in one or more images. A black image will be returned instead. Try again with a different prompt and/or seed.
Steps:  16%|███████████▌                                                            | 800/5000 [29:26<2:33:19,  2.19s/it, loss=0.0506, lr=1e-6]08/12/2024 18:10:08 - INFO - __main__ - Running validation...
{'thresholding', 'timestep_spacing', 'timestep_scaling', 'original_inference_steps', 'clip_sample_range', 'sample_max_value', 'rescale_betas_zero_snr', 'dynamic_thresholding_ratio', 'prediction_type'} was not found in config. Values will be initialized to default values.
{'requires_safety_checker', 'image_encoder'} was not found in config. Values will be initialized to default values.
                                                                                                                                               Loaded safety_checker as StableDiffusionSafetyChecker from `safety_checker` subfolder of /data/hepengyu/teachermodels/SD1-5.
Loading pipeline components...:   0%|                                                                                    | 0/7 [00:00<?, ?it/s]Loaded tokenizer as CLIPTokenizer from `tokenizer` subfolder of /data/hepengyu/teachermodels/SD1-5.
Loaded text_encoder as CLIPTextModel from `text_encoder` subfolder of /data/hepengyu/teachermodels/SD1-5.        | 1/7 [00:00<00:01,  3.82it/s]
                                                                                                                                               Loaded feature_extractor as CLIPImageProcessor from `feature_extractor` subfolder of /data/hepengyu/teachermodels/SD1-5.
Loading pipeline components...: 100%|████████████████████████████████████████████████████████████████████████████| 7/7 [00:00<00:00, 13.62it/s]
08/12/2024 18:10:12 - INFO - __main__ - Running validation...
{'thresholding', 'timestep_spacing', 'timestep_scaling', 'original_inference_steps', 'clip_sample_range', 'sample_max_value', 'rescale_betas_zero_snr', 'dynamic_thresholding_ratio', 'prediction_type'} was not found in config. Values will be initialized to default values.
{'requires_safety_checker', 'image_encoder'} was not found in config. Values will be initialized to default values.
                                                                                                                                               Loaded safety_checker as StableDiffusionSafetyChecker from `safety_checker` subfolder of /data/hepengyu/teachermodels/SD1-5.
Loading pipeline components...:   0%|                                                                                    | 0/7 [00:00<?, ?it/s]Loaded tokenizer as CLIPTokenizer from `tokenizer` subfolder of /data/hepengyu/teachermodels/SD1-5.
Loaded text_encoder as CLIPTextModel from `text_encoder` subfolder of /data/hepengyu/teachermodels/SD1-5.        | 1/7 [00:00<00:01,  3.75it/s]
                                                                                                                                               Loaded feature_extractor as CLIPImageProcessor from `feature_extractor` subfolder of /data/hepengyu/teachermodels/SD1-5.
Loading pipeline components...: 100%|████████████████████████████████████████████████████████████████████████████| 7/7 [00:00<00:00, 13.51it/s]
Steps:  20%|██████████████▏                                                        | 1000/5000 [36:49<2:25:14,  2.18s/it, loss=0.0551, lr=1e-6]08/12/2024 18:17:31 - INFO - accelerate.accelerator - Saving current state to /data/hepengyu/trainingLCM/output/checkpoint-1000
Configuration saved in /data/hepengyu/trainingLCM/output/checkpoint-1000/unet_target/config.json
Model weights saved in /data/hepengyu/trainingLCM/output/checkpoint-1000/unet_target/diffusion_pytorch_model.safetensors
Configuration saved in /data/hepengyu/trainingLCM/output/checkpoint-1000/unet/config.json
Model weights saved in /data/hepengyu/trainingLCM/output/checkpoint-1000/unet/diffusion_pytorch_model.safetensors
08/12/2024 18:17:38 - INFO - accelerate.checkpointing - Optimizer state saved in /data/hepengyu/trainingLCM/output/checkpoint-1000/optimizer.bin
08/12/2024 18:17:38 - INFO - accelerate.checkpointing - Scheduler state saved in /data/hepengyu/trainingLCM/output/checkpoint-1000/scheduler.bin
08/12/2024 18:17:38 - INFO - accelerate.checkpointing - Gradient scaler state saved in /data/hepengyu/trainingLCM/output/checkpoint-1000/scaler.pt
08/12/2024 18:17:38 - INFO - accelerate.checkpointing - Random states saved in /data/hepengyu/trainingLCM/output/checkpoint-1000/random_states_0.pkl
08/12/2024 18:17:38 - INFO - __main__ - Saved state to /data/hepengyu/trainingLCM/output/checkpoint-1000
08/12/2024 18:17:38 - INFO - __main__ - Running validation...
{'thresholding', 'timestep_spacing', 'timestep_scaling', 'original_inference_steps', 'clip_sample_range', 'sample_max_value', 'rescale_betas_zero_snr', 'dynamic_thresholding_ratio', 'prediction_type'} was not found in config. Values will be initialized to default values.
{'requires_safety_checker', 'image_encoder'} was not found in config. Values will be initialized to default values.
                                                                                                                                               Loaded safety_checker as StableDiffusionSafetyChecker from `safety_checker` subfolder of /data/hepengyu/teachermodels/SD1-5.
Loading pipeline components...:   0%|                                                                                    | 0/7 [00:00<?, ?it/s]Loaded tokenizer as CLIPTokenizer from `tokenizer` subfolder of /data/hepengyu/teachermodels/SD1-5.
Loaded text_encoder as CLIPTextModel from `text_encoder` subfolder of /data/hepengyu/teachermodels/SD1-5.        | 1/7 [00:00<00:01,  3.83it/s]
                                                                                                                                               Loaded feature_extractor as CLIPImageProcessor from `feature_extractor` subfolder of /data/hepengyu/teachermodels/SD1-5.
Loading pipeline components...: 100%|████████████████████████████████████████████████████████████████████████████| 7/7 [00:00<00:00, 13.54it/s]
08/12/2024 18:17:42 - INFO - __main__ - Running validation...
{'thresholding', 'timestep_spacing', 'timestep_scaling', 'original_inference_steps', 'clip_sample_range', 'sample_max_value', 'rescale_betas_zero_snr', 'dynamic_thresholding_ratio', 'prediction_type'} was not found in config. Values will be initialized to default values.
{'requires_safety_checker', 'image_encoder'} was not found in config. Values will be initialized to default values.
                                                                                                                                               Loaded safety_checker as StableDiffusionSafetyChecker from `safety_checker` subfolder of /data/hepengyu/teachermodels/SD1-5.
Loading pipeline components...:   0%|                                                                                    | 0/7 [00:00<?, ?it/s]Loaded tokenizer as CLIPTokenizer from `tokenizer` subfolder of /data/hepengyu/teachermodels/SD1-5.
Loaded text_encoder as CLIPTextModel from `text_encoder` subfolder of /data/hepengyu/teachermodels/SD1-5.        | 1/7 [00:00<00:01,  3.81it/s]
                                                                                                                                               Loaded feature_extractor as CLIPImageProcessor from `feature_extractor` subfolder of /data/hepengyu/teachermodels/SD1-5.
Loading pipeline components...: 100%|████████████████████████████████████████████████████████████████████████████| 7/7 [00:00<00:00, 13.55it/s]
Steps:  24%|█████████████████                                                      | 1200/5000 [44:19<2:16:47,  2.16s/it, loss=0.0403, lr=1e-6]08/12/2024 18:25:01 - INFO - __main__ - Running validation...
{'thresholding', 'timestep_spacing', 'timestep_scaling', 'original_inference_steps', 'clip_sample_range', 'sample_max_value', 'rescale_betas_zero_snr', 'dynamic_thresholding_ratio', 'prediction_type'} was not found in config. Values will be initialized to default values.
{'requires_safety_checker', 'image_encoder'} was not found in config. Values will be initialized to default values.
                                                                                                                                               Loaded safety_checker as StableDiffusionSafetyChecker from `safety_checker` subfolder of /data/hepengyu/teachermodels/SD1-5.
Loading pipeline components...:   0%|                                                                                    | 0/7 [00:00<?, ?it/s]Loaded tokenizer as CLIPTokenizer from `tokenizer` subfolder of /data/hepengyu/teachermodels/SD1-5.
Loaded text_encoder as CLIPTextModel from `text_encoder` subfolder of /data/hepengyu/teachermodels/SD1-5.        | 1/7 [00:00<00:01,  3.80it/s]
                                                                                                                                               Loaded feature_extractor as CLIPImageProcessor from `feature_extractor` subfolder of /data/hepengyu/teachermodels/SD1-5.
Loading pipeline components...: 100%|████████████████████████████████████████████████████████████████████████████| 7/7 [00:00<00:00, 13.42it/s]
08/12/2024 18:25:05 - INFO - __main__ - Running validation...
{'thresholding', 'timestep_spacing', 'timestep_scaling', 'original_inference_steps', 'clip_sample_range', 'sample_max_value', 'rescale_betas_zero_snr', 'dynamic_thresholding_ratio', 'prediction_type'} was not found in config. Values will be initialized to default values.
{'requires_safety_checker', 'image_encoder'} was not found in config. Values will be initialized to default values.
                                                                                                                                               Loaded safety_checker as StableDiffusionSafetyChecker from `safety_checker` subfolder of /data/hepengyu/teachermodels/SD1-5.
Loading pipeline components...:   0%|                                                                                    | 0/7 [00:00<?, ?it/s]Loaded tokenizer as CLIPTokenizer from `tokenizer` subfolder of /data/hepengyu/teachermodels/SD1-5.
Loaded text_encoder as CLIPTextModel from `text_encoder` subfolder of /data/hepengyu/teachermodels/SD1-5.        | 1/7 [00:00<00:01,  3.80it/s]
                                                                                                                                               Loaded feature_extractor as CLIPImageProcessor from `feature_extractor` subfolder of /data/hepengyu/teachermodels/SD1-5.
Loading pipeline components...: 100%|████████████████████████████████████████████████████████████████████████████| 7/7 [00:00<00:00, 13.54it/s]
08/12/2024 18:39:52 - INFO - __main__ - Running validation...                      | 1400/5000 [51:43<2:10:37,  2.18s/it, loss=0.0558, lr=1e-6]08/12/2024 18:32:24 - INFO - __main__ - Running validation...
{'thresholding', 'timestep_spacing', 'timestep_scaling', 'original_inference_steps', 'clip_sample_range', 'sample_max_value', 'rescale_betas_zero_snr', 'dynamic_thresholding_ratio', 'prediction_type'} was not found in config. Values will be initialized to default values.
{'requires_safety_checker', 'image_encoder'} was not found in config. Values will be initialized to default values.
                                                                                                                                               Loaded safety_checker as StableDiffusionSafetyChecker from `safety_checker` subfolder of /data/hepengyu/teachermodels/SD1-5.
Loading pipeline components...:   0%|                                                                                    | 0/7 [00:00<?, ?it/s]Loaded tokenizer as CLIPTokenizer from `tokenizer` subfolder of /data/hepengyu/teachermodels/SD1-5.
Loaded text_encoder as CLIPTextModel from `text_encoder` subfolder of /data/hepengyu/teachermodels/SD1-5.        | 1/7 [00:00<00:01,  3.78it/s]
                                                                                                                                               Loaded feature_extractor as CLIPImageProcessor from `feature_extractor` subfolder of /data/hepengyu/teachermodels/SD1-5.
Loading pipeline components...: 100%|████████████████████████████████████████████████████████████████████████████| 7/7 [00:00<00:00, 13.48it/s]
08/12/2024 18:32:29 - INFO - __main__ - Running validation...
{'thresholding', 'timestep_spacing', 'timestep_scaling', 'original_inference_steps', 'clip_sample_range', 'sample_max_value', 'rescale_betas_zero_snr', 'dynamic_thresholding_ratio', 'prediction_type'} was not found in config. Values will be initialized to default values.
{'requires_safety_checker', 'image_encoder'} was not found in config. Values will be initialized to default values.
                                                                                                                                               Loaded safety_checker as StableDiffusionSafetyChecker from `safety_checker` subfolder of /data/hepengyu/teachermodels/SD1-5.
Loading pipeline components...:   0%|                                                                                    | 0/7 [00:00<?, ?it/s]Loaded tokenizer as CLIPTokenizer from `tokenizer` subfolder of /data/hepengyu/teachermodels/SD1-5.
Loaded text_encoder as CLIPTextModel from `text_encoder` subfolder of /data/hepengyu/teachermodels/SD1-5.        | 1/7 [00:00<00:01,  3.78it/s]
                                                                                                                                               Loaded feature_extractor as CLIPImageProcessor from `feature_extractor` subfolder of /data/hepengyu/teachermodels/SD1-5.
Loading pipeline components...: 100%|████████████████████████████████████████████████████████████████████████████| 7/7 [00:00<00:00, 13.65it/s]
Steps:  32%|██████████████████████▋                                                | 1600/5000 [59:06<2:03:06,  2.17s/it, loss=0.0569, lr=1e-6]08/12/2024 18:39:48 - INFO - __main__ - Running validation...
{'thresholding', 'timestep_spacing', 'timestep_scaling', 'original_inference_steps', 'clip_sample_range', 'sample_max_value', 'rescale_betas_zero_snr', 'dynamic_thresholding_ratio', 'prediction_type'} was not found in config. Values will be initialized to default values.
{'requires_safety_checker', 'image_encoder'} was not found in config. Values will be initialized to default values.
                                                                                                                                               Loaded safety_checker as StableDiffusionSafetyChecker from `safety_checker` subfolder of /data/hepengyu/teachermodels/SD1-5.
Loading pipeline components...:   0%|                                                                                    | 0/7 [00:00<?, ?it/s]Loaded tokenizer as CLIPTokenizer from `tokenizer` subfolder of /data/hepengyu/teachermodels/SD1-5.
Loaded text_encoder as CLIPTextModel from `text_encoder` subfolder of /data/hepengyu/teachermodels/SD1-5.        | 1/7 [00:00<00:01,  3.81it/s]
                                                                                                                                               Loaded feature_extractor as CLIPImageProcessor from `feature_extractor` subfolder of /data/hepengyu/teachermodels/SD1-5.
Loading pipeline components...: 100%|████████████████████████████████████████████████████████████████████████████| 7/7 [00:00<00:00, 13.55it/s]
08/12/2024 18:39:52 - INFO - __main__ - Running validation...                      | 1400/5000 [51:43<2:10:37,  2.18s/it, loss=0.0558, lr=1e-6]08/12/2024 18:32:24 - INFO - __main__ - Running validation...
{'thresholding', 'timestep_spacing', 'timestep_scaling', 'original_inference_steps', 'clip_sample_range', 'sample_max_value', 'rescale_betas_zero_snr', 'dynamic_thresholding_ratio', 'prediction_type'} was not found in config. Values will be initialized to default values.
{'requires_safety_checker', 'image_encoder'} was not found in config. Values will be initialized to default values.
                                                                                                                                               Loaded safety_checker as StableDiffusionSafetyChecker from `safety_checker` subfolder of /data/hepengyu/teachermodels/SD1-5.
Loading pipeline components...:   0%|                                                                                    | 0/7 [00:00<?, ?it/s]Loaded tokenizer as CLIPTokenizer from `tokenizer` subfolder of /data/hepengyu/teachermodels/SD1-5.
Loaded text_encoder as CLIPTextModel from `text_encoder` subfolder of /data/hepengyu/teachermodels/SD1-5.        | 1/7 [00:00<00:01,  3.83it/s]
                                                                                                                                               Loaded feature_extractor as CLIPImageProcessor from `feature_extractor` subfolder of /data/hepengyu/teachermodels/SD1-5.
Loading pipeline components...: 100%|████████████████████████████████████████████████████████████████████████████| 7/7 [00:00<00:00, 13.51it/s]
Potential NSFW content was detected in one or more images. A black image will be returned instead. Try again with a different prompt and/or seed.
Steps:  36%|████████████████████████▊                                            | 1800/5000 [1:06:29<1:55:46,  2.17s/it, loss=0.0592, lr=1e-6]08/12/2024 18:47:11 - INFO - __main__ - Running validation...
{'thresholding', 'timestep_spacing', 'timestep_scaling', 'original_inference_steps', 'clip_sample_range', 'sample_max_value', 'rescale_betas_zero_snr', 'dynamic_thresholding_ratio', 'prediction_type'} was not found in config. Values will be initialized to default values.
{'requires_safety_checker', 'image_encoder'} was not found in config. Values will be initialized to default values.
                                                                                                                                               Loaded safety_checker as StableDiffusionSafetyChecker from `safety_checker` subfolder of /data/hepengyu/teachermodels/SD1-5.
Loading pipeline components...:   0%|                                                                                    | 0/7 [00:00<?, ?it/s]Loaded tokenizer as CLIPTokenizer from `tokenizer` subfolder of /data/hepengyu/teachermodels/SD1-5.
Loaded text_encoder as CLIPTextModel from `text_encoder` subfolder of /data/hepengyu/teachermodels/SD1-5.        | 1/7 [00:00<00:01,  3.71it/s]
                                                                                                                                               Loaded feature_extractor as CLIPImageProcessor from `feature_extractor` subfolder of /data/hepengyu/teachermodels/SD1-5.
Loading pipeline components...: 100%|████████████████████████████████████████████████████████████████████████████| 7/7 [00:00<00:00, 13.30it/s]
Potential NSFW content was detected in one or more images. A black image will be returned instead. Try again with a different prompt and/or seed.
08/12/2024 18:47:15 - INFO - __main__ - Running validation...
{'thresholding', 'timestep_spacing', 'timestep_scaling', 'original_inference_steps', 'clip_sample_range', 'sample_max_value', 'rescale_betas_zero_snr', 'dynamic_thresholding_ratio', 'prediction_type'} was not found in config. Values will be initialized to default values.
{'requires_safety_checker', 'image_encoder'} was not found in config. Values will be initialized to default values.
                                                                                                                                               Loaded safety_checker as StableDiffusionSafetyChecker from `safety_checker` subfolder of /data/hepengyu/teachermodels/SD1-5.
Loading pipeline components...:   0%|                                                                                    | 0/7 [00:00<?, ?it/s]Loaded tokenizer as CLIPTokenizer from `tokenizer` subfolder of /data/hepengyu/teachermodels/SD1-5.
Loaded text_encoder as CLIPTextModel from `text_encoder` subfolder of /data/hepengyu/teachermodels/SD1-5.        | 1/7 [00:00<00:01,  3.70it/s]
                                                                                                                                               Loaded feature_extractor as CLIPImageProcessor from `feature_extractor` subfolder of /data/hepengyu/teachermodels/SD1-5.
Loading pipeline components...: 100%|████████████████████████████████████████████████████████████████████████████| 7/7 [00:00<00:00, 13.32it/s]
Potential NSFW content was detected in one or more images. A black image will be returned instead. Try again with a different prompt and/or seed.
Steps:  40%|███████████████████████████▌                                         | 2000/5000 [1:13:53<1:48:55,  2.18s/it, loss=0.0582, lr=1e-6]08/12/2024 18:54:35 - INFO - accelerate.accelerator - Saving current state to /data/hepengyu/trainingLCM/output/checkpoint-2000
Configuration saved in /data/hepengyu/trainingLCM/output/checkpoint-2000/unet_target/config.json
Model weights saved in /data/hepengyu/trainingLCM/output/checkpoint-2000/unet_target/diffusion_pytorch_model.safetensors
Configuration saved in /data/hepengyu/trainingLCM/output/checkpoint-2000/unet/config.json
Model weights saved in /data/hepengyu/trainingLCM/output/checkpoint-2000/unet/diffusion_pytorch_model.safetensors
08/12/2024 18:54:41 - INFO - accelerate.checkpointing - Optimizer state saved in /data/hepengyu/trainingLCM/output/checkpoint-2000/optimizer.bin
08/12/2024 18:54:41 - INFO - accelerate.checkpointing - Scheduler state saved in /data/hepengyu/trainingLCM/output/checkpoint-2000/scheduler.bin
08/12/2024 18:54:41 - INFO - accelerate.checkpointing - Gradient scaler state saved in /data/hepengyu/trainingLCM/output/checkpoint-2000/scaler.pt
08/12/2024 18:54:41 - INFO - accelerate.checkpointing - Random states saved in /data/hepengyu/trainingLCM/output/checkpoint-2000/random_states_0.pkl
08/12/2024 18:54:41 - INFO - __main__ - Saved state to /data/hepengyu/trainingLCM/output/checkpoint-2000
08/12/2024 18:54:41 - INFO - __main__ - Running validation...
{'thresholding', 'timestep_spacing', 'timestep_scaling', 'original_inference_steps', 'clip_sample_range', 'sample_max_value', 'rescale_betas_zero_snr', 'dynamic_thresholding_ratio', 'prediction_type'} was not found in config. Values will be initialized to default values.
{'requires_safety_checker', 'image_encoder'} was not found in config. Values will be initialized to default values.
                                                                                                                                               Loaded safety_checker as StableDiffusionSafetyChecker from `safety_checker` subfolder of /data/hepengyu/teachermodels/SD1-5.
Loading pipeline components...:   0%|                                                                                    | 0/7 [00:00<?, ?it/s]Loaded tokenizer as CLIPTokenizer from `tokenizer` subfolder of /data/hepengyu/teachermodels/SD1-5.
Loaded text_encoder as CLIPTextModel from `text_encoder` subfolder of /data/hepengyu/teachermodels/SD1-5.        | 1/7 [00:00<00:01,  3.76it/s]
                                                                                                                                               Loaded feature_extractor as CLIPImageProcessor from `feature_extractor` subfolder of /data/hepengyu/teachermodels/SD1-5.
Loading pipeline components...: 100%|████████████████████████████████████████████████████████████████████████████| 7/7 [00:00<00:00, 13.48it/s]
Potential NSFW content was detected in one or more images. A black image will be returned instead. Try again with a different prompt and/or seed.
08/12/2024 18:54:45 - INFO - __main__ - Running validation...
{'thresholding', 'timestep_spacing', 'timestep_scaling', 'original_inference_steps', 'clip_sample_range', 'sample_max_value', 'rescale_betas_zero_snr', 'dynamic_thresholding_ratio', 'prediction_type'} was not found in config. Values will be initialized to default values.
{'requires_safety_checker', 'image_encoder'} was not found in config. Values will be initialized to default values.
                                                                                                                                               Loaded safety_checker as StableDiffusionSafetyChecker from `safety_checker` subfolder of /data/hepengyu/teachermodels/SD1-5.
Loading pipeline components...:   0%|                                                                                    | 0/7 [00:00<?, ?it/s]Loaded tokenizer as CLIPTokenizer from `tokenizer` subfolder of /data/hepengyu/teachermodels/SD1-5.
Loaded text_encoder as CLIPTextModel from `text_encoder` subfolder of /data/hepengyu/teachermodels/SD1-5.        | 1/7 [00:00<00:01,  3.79it/s]
                                                                                                                                               Loaded feature_extractor as CLIPImageProcessor from `feature_extractor` subfolder of /data/hepengyu/teachermodels/SD1-5.
Loading pipeline components...: 100%|████████████████████████████████████████████████████████████████████████████| 7/7 [00:00<00:00, 13.56it/s]
Potential NSFW content was detected in one or more images. A black image will be returned instead. Try again with a different prompt and/or seed.
Steps:  44%|██████████████████████████████▎                                      | 2200/5000 [1:21:23<1:41:54,  2.18s/it, loss=0.0574, lr=1e-6]08/12/2024 19:02:05 - INFO - __main__ - Running validation...
{'thresholding', 'timestep_spacing', 'timestep_scaling', 'original_inference_steps', 'clip_sample_range', 'sample_max_value', 'rescale_betas_zero_snr', 'dynamic_thresholding_ratio', 'prediction_type'} was not found in config. Values will be initialized to default values.
{'requires_safety_checker', 'image_encoder'} was not found in config. Values will be initialized to default values.
                                                                                                                                               Loaded safety_checker as StableDiffusionSafetyChecker from `safety_checker` subfolder of /data/hepengyu/teachermodels/SD1-5.
Loading pipeline components...:   0%|                                                                                    | 0/7 [00:00<?, ?it/s]Loaded tokenizer as CLIPTokenizer from `tokenizer` subfolder of /data/hepengyu/teachermodels/SD1-5.
Loaded text_encoder as CLIPTextModel from `text_encoder` subfolder of /data/hepengyu/teachermodels/SD1-5.        | 1/7 [00:00<00:01,  3.73it/s]
                                                                                                                                               Loaded feature_extractor as CLIPImageProcessor from `feature_extractor` subfolder of /data/hepengyu/teachermodels/SD1-5.
Loading pipeline components...: 100%|████████████████████████████████████████████████████████████████████████████| 7/7 [00:00<00:00, 13.51it/s]
Potential NSFW content was detected in one or more images. A black image will be returned instead. Try again with a different prompt and/or seed.
08/12/2024 19:02:09 - INFO - __main__ - Running validation...
{'thresholding', 'timestep_spacing', 'timestep_scaling', 'original_inference_steps', 'clip_sample_range', 'sample_max_value', 'rescale_betas_zero_snr', 'dynamic_thresholding_ratio', 'prediction_type'} was not found in config. Values will be initialized to default values.
{'requires_safety_checker', 'image_encoder'} was not found in config. Values will be initialized to default values.
                                                                                                                                               Loaded safety_checker as StableDiffusionSafetyChecker from `safety_checker` subfolder of /data/hepengyu/teachermodels/SD1-5.
Loading pipeline components...:   0%|                                                                                    | 0/7 [00:00<?, ?it/s]Loaded tokenizer as CLIPTokenizer from `tokenizer` subfolder of /data/hepengyu/teachermodels/SD1-5.
Loaded text_encoder as CLIPTextModel from `text_encoder` subfolder of /data/hepengyu/teachermodels/SD1-5.        | 1/7 [00:00<00:01,  3.80it/s]
                                                                                                                                               Loaded feature_extractor as CLIPImageProcessor from `feature_extractor` subfolder of /data/hepengyu/teachermodels/SD1-5.
Loading pipeline components...: 100%|████████████████████████████████████████████████████████████████████████████| 7/7 [00:00<00:00, 13.96it/s]
Potential NSFW content was detected in one or more images. A black image will be returned instead. Try again with a different prompt and/or seed.
Potential NSFW content was detected in one or more images. A black image will be returned instead. Try again with a different prompt and/or seed.
Steps:  48%|█████████████████████████████████                                    | 2400/5000 [1:28:47<1:34:38,  2.18s/it, loss=0.0358, lr=1e-6]08/12/2024 19:09:29 - INFO - __main__ - Running validation...
{'thresholding', 'timestep_spacing', 'timestep_scaling', 'original_inference_steps', 'clip_sample_range', 'sample_max_value', 'rescale_betas_zero_snr', 'dynamic_thresholding_ratio', 'prediction_type'} was not found in config. Values will be initialized to default values.
{'requires_safety_checker', 'image_encoder'} was not found in config. Values will be initialized to default values.
                                                                                                                                               Loaded safety_checker as StableDiffusionSafetyChecker from `safety_checker` subfolder of /data/hepengyu/teachermodels/SD1-5.
Loading pipeline components...:   0%|                                                                                    | 0/7 [00:00<?, ?it/s]Loaded tokenizer as CLIPTokenizer from `tokenizer` subfolder of /data/hepengyu/teachermodels/SD1-5.
Loaded text_encoder as CLIPTextModel from `text_encoder` subfolder of /data/hepengyu/teachermodels/SD1-5.        | 1/7 [00:00<00:01,  3.76it/s]
                                                                                                                                               Loaded feature_extractor as CLIPImageProcessor from `feature_extractor` subfolder of /data/hepengyu/teachermodels/SD1-5.
Loading pipeline components...: 100%|████████████████████████████████████████████████████████████████████████████| 7/7 [00:00<00:00, 13.34it/s]
Potential NSFW content was detected in one or more images. A black image will be returned instead. Try again with a different prompt and/or seed.
08/12/2024 19:09:33 - INFO - __main__ - Running validation...
{'thresholding', 'timestep_spacing', 'timestep_scaling', 'original_inference_steps', 'clip_sample_range', 'sample_max_value', 'rescale_betas_zero_snr', 'dynamic_thresholding_ratio', 'prediction_type'} was not found in config. Values will be initialized to default values.
{'requires_safety_checker', 'image_encoder'} was not found in config. Values will be initialized to default values.
                                                                                                                                               Loaded safety_checker as StableDiffusionSafetyChecker from `safety_checker` subfolder of /data/hepengyu/teachermodels/SD1-5.
Loading pipeline components...:   0%|                                                                                    | 0/7 [00:00<?, ?it/s]Loaded tokenizer as CLIPTokenizer from `tokenizer` subfolder of /data/hepengyu/teachermodels/SD1-5.
Loaded text_encoder as CLIPTextModel from `text_encoder` subfolder of /data/hepengyu/teachermodels/SD1-5.        | 1/7 [00:00<00:01,  3.77it/s]
                                                                                                                                               Loaded feature_extractor as CLIPImageProcessor from `feature_extractor` subfolder of /data/hepengyu/teachermodels/SD1-5.
Loading pipeline components...: 100%|████████████████████████████████████████████████████████████████████████████| 7/7 [00:00<00:00, 13.54it/s]
Potential NSFW content was detected in one or more images. A black image will be returned instead. Try again with a different prompt and/or seed.
Steps:  52%|███████████████████████████████████▉                                 | 2600/5000 [1:36:11<1:26:47,  2.17s/it, loss=0.0652, lr=1e-6]08/12/2024 19:16:53 - INFO - __main__ - Running validation...
{'thresholding', 'timestep_spacing', 'timestep_scaling', 'original_inference_steps', 'clip_sample_range', 'sample_max_value', 'rescale_betas_zero_snr', 'dynamic_thresholding_ratio', 'prediction_type'} was not found in config. Values will be initialized to default values.
{'requires_safety_checker', 'image_encoder'} was not found in config. Values will be initialized to default values.
                                                                                                                                               Loaded safety_checker as StableDiffusionSafetyChecker from `safety_checker` subfolder of /data/hepengyu/teachermodels/SD1-5.
Loading pipeline components...:   0%|                                                                                    | 0/7 [00:00<?, ?it/s]Loaded tokenizer as CLIPTokenizer from `tokenizer` subfolder of /data/hepengyu/teachermodels/SD1-5.
Loaded text_encoder as CLIPTextModel from `text_encoder` subfolder of /data/hepengyu/teachermodels/SD1-5.        | 1/7 [00:00<00:01,  3.87it/s]
                                                                                                                                               Loaded feature_extractor as CLIPImageProcessor from `feature_extractor` subfolder of /data/hepengyu/teachermodels/SD1-5.
Loading pipeline components...: 100%|████████████████████████████████████████████████████████████████████████████| 7/7 [00:00<00:00, 13.68it/s]
Potential NSFW content was detected in one or more images. A black image will be returned instead. Try again with a different prompt and/or seed.
08/12/2024 19:16:57 - INFO - __main__ - Running validation...
{'thresholding', 'timestep_spacing', 'timestep_scaling', 'original_inference_steps', 'clip_sample_range', 'sample_max_value', 'rescale_betas_zero_snr', 'dynamic_thresholding_ratio', 'prediction_type'} was not found in config. Values will be initialized to default values.
{'requires_safety_checker', 'image_encoder'} was not found in config. Values will be initialized to default values.
                                                                                                                                               Loaded safety_checker as StableDiffusionSafetyChecker from `safety_checker` subfolder of /data/hepengyu/teachermodels/SD1-5.
Loading pipeline components...:   0%|                                                                                    | 0/7 [00:00<?, ?it/s]Loaded tokenizer as CLIPTokenizer from `tokenizer` subfolder of /data/hepengyu/teachermodels/SD1-5.
Loaded text_encoder as CLIPTextModel from `text_encoder` subfolder of /data/hepengyu/teachermodels/SD1-5.        | 1/7 [00:00<00:01,  3.80it/s]
                                                                                                                                               Loaded feature_extractor as CLIPImageProcessor from `feature_extractor` subfolder of /data/hepengyu/teachermodels/SD1-5.
Loading pipeline components...: 100%|████████████████████████████████████████████████████████████████████████████| 7/7 [00:00<00:00, 13.45it/s]
Steps:  56%|██████████████████████████████████████▋                              | 2800/5000 [1:43:35<1:19:34,  2.17s/it, loss=0.0859, lr=1e-6]08/12/2024 19:24:17 - INFO - __main__ - Running validation...
{'thresholding', 'timestep_spacing', 'timestep_scaling', 'original_inference_steps', 'clip_sample_range', 'sample_max_value', 'rescale_betas_zero_snr', 'dynamic_thresholding_ratio', 'prediction_type'} was not found in config. Values will be initialized to default values.
{'requires_safety_checker', 'image_encoder'} was not found in config. Values will be initialized to default values.
                                                                                                                                               Loaded safety_checker as StableDiffusionSafetyChecker from `safety_checker` subfolder of /data/hepengyu/teachermodels/SD1-5.
Loading pipeline components...:   0%|                                                                                    | 0/7 [00:00<?, ?it/s]Loaded tokenizer as CLIPTokenizer from `tokenizer` subfolder of /data/hepengyu/teachermodels/SD1-5.
Loaded text_encoder as CLIPTextModel from `text_encoder` subfolder of /data/hepengyu/teachermodels/SD1-5.        | 1/7 [00:00<00:01,  3.75it/s]
                                                                                                                                               Loaded feature_extractor as CLIPImageProcessor from `feature_extractor` subfolder of /data/hepengyu/teachermodels/SD1-5.
Loading pipeline components...: 100%|████████████████████████████████████████████████████████████████████████████| 7/7 [00:00<00:00, 13.42it/s]
Potential NSFW content was detected in one or more images. A black image will be returned instead. Try again with a different prompt and/or seed.
08/12/2024 19:24:21 - INFO - __main__ - Running validation...
{'thresholding', 'timestep_spacing', 'timestep_scaling', 'original_inference_steps', 'clip_sample_range', 'sample_max_value', 'rescale_betas_zero_snr', 'dynamic_thresholding_ratio', 'prediction_type'} was not found in config. Values will be initialized to default values.
{'requires_safety_checker', 'image_encoder'} was not found in config. Values will be initialized to default values.
                                                                                                                                               Loaded safety_checker as StableDiffusionSafetyChecker from `safety_checker` subfolder of /data/hepengyu/teachermodels/SD1-5.
Loading pipeline components...:   0%|                                                                                    | 0/7 [00:00<?, ?it/s]Loaded tokenizer as CLIPTokenizer from `tokenizer` subfolder of /data/hepengyu/teachermodels/SD1-5.
Loaded text_encoder as CLIPTextModel from `text_encoder` subfolder of /data/hepengyu/teachermodels/SD1-5.        | 1/7 [00:00<00:01,  3.62it/s]
                                                                                                                                               Loaded feature_extractor as CLIPImageProcessor from `feature_extractor` subfolder of /data/hepengyu/teachermodels/SD1-5.
Loading pipeline components...: 100%|████████████████████████████████████████████████████████████████████████████| 7/7 [00:00<00:00, 13.15it/s]
Potential NSFW content was detected in one or more images. A black image will be returned instead. Try again with a different prompt and/or seed.
Steps:  60%|██████████████████████████████████████████                            | 3000/5000 [1:51:00<1:12:56,  2.19s/it, loss=0.055, lr=1e-6]08/12/2024 19:31:41 - INFO - accelerate.accelerator - Saving current state to /data/hepengyu/trainingLCM/output/checkpoint-3000
Configuration saved in /data/hepengyu/trainingLCM/output/checkpoint-3000/unet_target/config.json
Model weights saved in /data/hepengyu/trainingLCM/output/checkpoint-3000/unet_target/diffusion_pytorch_model.safetensors
Configuration saved in /data/hepengyu/trainingLCM/output/checkpoint-3000/unet/config.json
Model weights saved in /data/hepengyu/trainingLCM/output/checkpoint-3000/unet/diffusion_pytorch_model.safetensors
08/12/2024 19:31:49 - INFO - accelerate.checkpointing - Optimizer state saved in /data/hepengyu/trainingLCM/output/checkpoint-3000/optimizer.bin
08/12/2024 19:31:49 - INFO - accelerate.checkpointing - Scheduler state saved in /data/hepengyu/trainingLCM/output/checkpoint-3000/scheduler.bin
08/12/2024 19:31:49 - INFO - accelerate.checkpointing - Gradient scaler state saved in /data/hepengyu/trainingLCM/output/checkpoint-3000/scaler.pt
08/12/2024 19:31:49 - INFO - accelerate.checkpointing - Random states saved in /data/hepengyu/trainingLCM/output/checkpoint-3000/random_states_0.pkl
08/12/2024 19:31:49 - INFO - __main__ - Saved state to /data/hepengyu/trainingLCM/output/checkpoint-3000
08/12/2024 19:31:49 - INFO - __main__ - Running validation...
{'thresholding', 'timestep_spacing', 'timestep_scaling', 'original_inference_steps', 'clip_sample_range', 'sample_max_value', 'rescale_betas_zero_snr', 'dynamic_thresholding_ratio', 'prediction_type'} was not found in config. Values will be initialized to default values.
{'requires_safety_checker', 'image_encoder'} was not found in config. Values will be initialized to default values.
                                                                                                                                               Loaded safety_checker as StableDiffusionSafetyChecker from `safety_checker` subfolder of /data/hepengyu/teachermodels/SD1-5.
Loading pipeline components...:   0%|                                                                                    | 0/7 [00:00<?, ?it/s]Loaded tokenizer as CLIPTokenizer from `tokenizer` subfolder of /data/hepengyu/teachermodels/SD1-5.
Loaded text_encoder as CLIPTextModel from `text_encoder` subfolder of /data/hepengyu/teachermodels/SD1-5.        | 1/7 [00:00<00:01,  3.78it/s]
                                                                                                                                               Loaded feature_extractor as CLIPImageProcessor from `feature_extractor` subfolder of /data/hepengyu/teachermodels/SD1-5.
Loading pipeline components...: 100%|████████████████████████████████████████████████████████████████████████████| 7/7 [00:00<00:00, 13.51it/s]
Potential NSFW content was detected in one or more images. A black image will be returned instead. Try again with a different prompt and/or seed.
08/12/2024 19:31:53 - INFO - __main__ - Running validation...
{'thresholding', 'timestep_spacing', 'timestep_scaling', 'original_inference_steps', 'clip_sample_range', 'sample_max_value', 'rescale_betas_zero_snr', 'dynamic_thresholding_ratio', 'prediction_type'} was not found in config. Values will be initialized to default values.
{'requires_safety_checker', 'image_encoder'} was not found in config. Values will be initialized to default values.
                                                                                                                                               Loaded safety_checker as StableDiffusionSafetyChecker from `safety_checker` subfolder of /data/hepengyu/teachermodels/SD1-5.
Loading pipeline components...:   0%|                                                                                    | 0/7 [00:00<?, ?it/s]Loaded tokenizer as CLIPTokenizer from `tokenizer` subfolder of /data/hepengyu/teachermodels/SD1-5.
Loaded text_encoder as CLIPTextModel from `text_encoder` subfolder of /data/hepengyu/teachermodels/SD1-5.        | 1/7 [00:00<00:01,  3.75it/s]
                                                                                                                                               Loaded feature_extractor as CLIPImageProcessor from `feature_extractor` subfolder of /data/hepengyu/teachermodels/SD1-5.
Loading pipeline components...: 100%|████████████████████████████████████████████████████████████████████████████| 7/7 [00:00<00:00, 13.44it/s]
Potential NSFW content was detected in one or more images. A black image will be returned instead. Try again with a different prompt and/or seed.
Steps:  64%|████████████████████████████████████████████▏                        | 3200/5000 [1:58:30<1:04:43,  2.16s/it, loss=0.0543, lr=1e-6]08/12/2024 19:39:12 - INFO - __main__ - Running validation...
{'thresholding', 'timestep_spacing', 'timestep_scaling', 'original_inference_steps', 'clip_sample_range', 'sample_max_value', 'rescale_betas_zero_snr', 'dynamic_thresholding_ratio', 'prediction_type'} was not found in config. Values will be initialized to default values.
{'requires_safety_checker', 'image_encoder'} was not found in config. Values will be initialized to default values.
                                                                                                                                               Loaded safety_checker as StableDiffusionSafetyChecker from `safety_checker` subfolder of /data/hepengyu/teachermodels/SD1-5.
Loading pipeline components...:   0%|                                                                                    | 0/7 [00:00<?, ?it/s]Loaded tokenizer as CLIPTokenizer from `tokenizer` subfolder of /data/hepengyu/teachermodels/SD1-5.
Loaded text_encoder as CLIPTextModel from `text_encoder` subfolder of /data/hepengyu/teachermodels/SD1-5.        | 1/7 [00:00<00:01,  3.75it/s]
                                                                                                                                               Loaded feature_extractor as CLIPImageProcessor from `feature_extractor` subfolder of /data/hepengyu/teachermodels/SD1-5.
Loading pipeline components...: 100%|████████████████████████████████████████████████████████████████████████████| 7/7 [00:00<00:00, 13.44it/s]
08/12/2024 19:39:16 - INFO - __main__ - Running validation...
{'thresholding', 'timestep_spacing', 'timestep_scaling', 'original_inference_steps', 'clip_sample_range', 'sample_max_value', 'rescale_betas_zero_snr', 'dynamic_thresholding_ratio', 'prediction_type'} was not found in config. Values will be initialized to default values.
{'requires_safety_checker', 'image_encoder'} was not found in config. Values will be initialized to default values.
                                                                                                                                               Loaded safety_checker as StableDiffusionSafetyChecker from `safety_checker` subfolder of /data/hepengyu/teachermodels/SD1-5.
Loading pipeline components...:   0%|                                                                                    | 0/7 [00:00<?, ?it/s]Loaded tokenizer as CLIPTokenizer from `tokenizer` subfolder of /data/hepengyu/teachermodels/SD1-5.
Loaded text_encoder as CLIPTextModel from `text_encoder` subfolder of /data/hepengyu/teachermodels/SD1-5.        | 1/7 [00:00<00:01,  3.77it/s]
                                                                                                                                               Loaded feature_extractor as CLIPImageProcessor from `feature_extractor` subfolder of /data/hepengyu/teachermodels/SD1-5.
Loading pipeline components...: 100%|████████████████████████████████████████████████████████████████████████████| 7/7 [00:00<00:00, 13.29it/s]
Potential NSFW content was detected in one or more images. A black image will be returned instead. Try again with a different prompt and/or seed.
Potential NSFW content was detected in one or more images. A black image will be returned instead. Try again with a different prompt and/or seed.
Steps:  68%|████████████████████████████████████████████████▎                      | 3400/5000 [2:05:53<58:27,  2.19s/it, loss=0.0415, lr=1e-6]08/12/2024 19:46:35 - INFO - __main__ - Running validation...
{'thresholding', 'timestep_spacing', 'timestep_scaling', 'original_inference_steps', 'clip_sample_range', 'sample_max_value', 'rescale_betas_zero_snr', 'dynamic_thresholding_ratio', 'prediction_type'} was not found in config. Values will be initialized to default values.
{'requires_safety_checker', 'image_encoder'} was not found in config. Values will be initialized to default values.
                                                                                                                                               Loaded safety_checker as StableDiffusionSafetyChecker from `safety_checker` subfolder of /data/hepengyu/teachermodels/SD1-5.
Loading pipeline components...:   0%|                                                                                    | 0/7 [00:00<?, ?it/s]Loaded tokenizer as CLIPTokenizer from `tokenizer` subfolder of /data/hepengyu/teachermodels/SD1-5.
Loaded text_encoder as CLIPTextModel from `text_encoder` subfolder of /data/hepengyu/teachermodels/SD1-5.        | 1/7 [00:00<00:01,  3.72it/s]
                                                                                                                                               Loaded feature_extractor as CLIPImageProcessor from `feature_extractor` subfolder of /data/hepengyu/teachermodels/SD1-5.
Loading pipeline components...: 100%|████████████████████████████████████████████████████████████████████████████| 7/7 [00:00<00:00, 13.25it/s]
Potential NSFW content was detected in one or more images. A black image will be returned instead. Try again with a different prompt and/or seed.
08/12/2024 19:46:39 - INFO - __main__ - Running validation...
{'thresholding', 'timestep_spacing', 'timestep_scaling', 'original_inference_steps', 'clip_sample_range', 'sample_max_value', 'rescale_betas_zero_snr', 'dynamic_thresholding_ratio', 'prediction_type'} was not found in config. Values will be initialized to default values.
{'requires_safety_checker', 'image_encoder'} was not found in config. Values will be initialized to default values.
                                                                                                                                               Loaded safety_checker as StableDiffusionSafetyChecker from `safety_checker` subfolder of /data/hepengyu/teachermodels/SD1-5.
Loading pipeline components...:   0%|                                                                                    | 0/7 [00:00<?, ?it/s]Loaded tokenizer as CLIPTokenizer from `tokenizer` subfolder of /data/hepengyu/teachermodels/SD1-5.
Loaded text_encoder as CLIPTextModel from `text_encoder` subfolder of /data/hepengyu/teachermodels/SD1-5.        | 1/7 [00:00<00:01,  3.78it/s]
                                                                                                                                               Loaded feature_extractor as CLIPImageProcessor from `feature_extractor` subfolder of /data/hepengyu/teachermodels/SD1-5.
Loading pipeline components...: 100%|████████████████████████████████████████████████████████████████████████████| 7/7 [00:00<00:00, 13.40it/s]
Potential NSFW content was detected in one or more images. A black image will be returned instead. Try again with a different prompt and/or seed.
Steps:  72%|███████████████████████████████████████████████████▊                    | 3600/5000 [2:13:16<50:47,  2.18s/it, loss=0.041, lr=1e-6]08/12/2024 19:53:58 - INFO - __main__ - Running validation...
{'thresholding', 'timestep_spacing', 'timestep_scaling', 'original_inference_steps', 'clip_sample_range', 'sample_max_value', 'rescale_betas_zero_snr', 'dynamic_thresholding_ratio', 'prediction_type'} was not found in config. Values will be initialized to default values.
{'requires_safety_checker', 'image_encoder'} was not found in config. Values will be initialized to default values.
                                                                                                                                               Loaded safety_checker as StableDiffusionSafetyChecker from `safety_checker` subfolder of /data/hepengyu/teachermodels/SD1-5.
Loading pipeline components...:   0%|                                                                                    | 0/7 [00:00<?, ?it/s]Loaded tokenizer as CLIPTokenizer from `tokenizer` subfolder of /data/hepengyu/teachermodels/SD1-5.
Loaded text_encoder as CLIPTextModel from `text_encoder` subfolder of /data/hepengyu/teachermodels/SD1-5.        | 1/7 [00:00<00:01,  3.80it/s]
                                                                                                                                               Loaded feature_extractor as CLIPImageProcessor from `feature_extractor` subfolder of /data/hepengyu/teachermodels/SD1-5.
Loading pipeline components...: 100%|████████████████████████████████████████████████████████████████████████████| 7/7 [00:00<00:00, 13.70it/s]
Potential NSFW content was detected in one or more images. A black image will be returned instead. Try again with a different prompt and/or seed.
08/12/2024 19:54:02 - INFO - __main__ - Running validation...
{'thresholding', 'timestep_spacing', 'timestep_scaling', 'original_inference_steps', 'clip_sample_range', 'sample_max_value', 'rescale_betas_zero_snr', 'dynamic_thresholding_ratio', 'prediction_type'} was not found in config. Values will be initialized to default values.
{'requires_safety_checker', 'image_encoder'} was not found in config. Values will be initialized to default values.
                                                                                                                                               Loaded safety_checker as StableDiffusionSafetyChecker from `safety_checker` subfolder of /data/hepengyu/teachermodels/SD1-5.
Loading pipeline components...:   0%|                                                                                    | 0/7 [00:00<?, ?it/s]Loaded tokenizer as CLIPTokenizer from `tokenizer` subfolder of /data/hepengyu/teachermodels/SD1-5.
Loaded text_encoder as CLIPTextModel from `text_encoder` subfolder of /data/hepengyu/teachermodels/SD1-5.        | 1/7 [00:00<00:01,  3.83it/s]
                                                                                                                                               Loaded feature_extractor as CLIPImageProcessor from `feature_extractor` subfolder of /data/hepengyu/teachermodels/SD1-5.
Loading pipeline components...: 100%|████████████████████████████████████████████████████████████████████████████| 7/7 [00:00<00:00, 13.54it/s]
Potential NSFW content was detected in one or more images. A black image will be returned instead. Try again with a different prompt and/or seed.
Steps:  76%|█████████████████████████████████████████████████████▉                 | 3800/5000 [2:20:39<43:25,  2.17s/it, loss=0.0585, lr=1e-6]08/12/2024 20:01:21 - INFO - __main__ - Running validation...
{'thresholding', 'timestep_spacing', 'timestep_scaling', 'original_inference_steps', 'clip_sample_range', 'sample_max_value', 'rescale_betas_zero_snr', 'dynamic_thresholding_ratio', 'prediction_type'} was not found in config. Values will be initialized to default values.
{'requires_safety_checker', 'image_encoder'} was not found in config. Values will be initialized to default values.
                                                                                                                                               Loaded safety_checker as StableDiffusionSafetyChecker from `safety_checker` subfolder of /data/hepengyu/teachermodels/SD1-5.
Loading pipeline components...:   0%|                                                                                    | 0/7 [00:00<?, ?it/s]Loaded tokenizer as CLIPTokenizer from `tokenizer` subfolder of /data/hepengyu/teachermodels/SD1-5.
Loaded text_encoder as CLIPTextModel from `text_encoder` subfolder of /data/hepengyu/teachermodels/SD1-5.        | 1/7 [00:00<00:01,  3.76it/s]
                                                                                                                                               Loaded feature_extractor as CLIPImageProcessor from `feature_extractor` subfolder of /data/hepengyu/teachermodels/SD1-5.
Loading pipeline components...: 100%|████████████████████████████████████████████████████████████████████████████| 7/7 [00:00<00:00, 13.52it/s]
Potential NSFW content was detected in one or more images. A black image will be returned instead. Try again with a different prompt and/or seed.
08/12/2024 20:01:25 - INFO - __main__ - Running validation...
{'thresholding', 'timestep_spacing', 'timestep_scaling', 'original_inference_steps', 'clip_sample_range', 'sample_max_value', 'rescale_betas_zero_snr', 'dynamic_thresholding_ratio', 'prediction_type'} was not found in config. Values will be initialized to default values.
{'requires_safety_checker', 'image_encoder'} was not found in config. Values will be initialized to default values.
                                                                                                                                               Loaded safety_checker as StableDiffusionSafetyChecker from `safety_checker` subfolder of /data/hepengyu/teachermodels/SD1-5.
Loading pipeline components...:   0%|                                                                                    | 0/7 [00:00<?, ?it/s]Loaded tokenizer as CLIPTokenizer from `tokenizer` subfolder of /data/hepengyu/teachermodels/SD1-5.
Loaded text_encoder as CLIPTextModel from `text_encoder` subfolder of /data/hepengyu/teachermodels/SD1-5.        | 1/7 [00:00<00:01,  3.77it/s]
                                                                                                                                               Loaded feature_extractor as CLIPImageProcessor from `feature_extractor` subfolder of /data/hepengyu/teachermodels/SD1-5.
Loading pipeline components...: 100%|████████████████████████████████████████████████████████████████████████████| 7/7 [00:00<00:00, 13.43it/s]
Potential NSFW content was detected in one or more images. A black image will be returned instead. Try again with a different prompt and/or seed.
Steps:  80%|█████████████████████████████████████████████████████████▌              | 4000/5000 [2:28:03<36:23,  2.18s/it, loss=0.055, lr=1e-6]08/12/2024 20:08:45 - INFO - accelerate.accelerator - Saving current state to /data/hepengyu/trainingLCM/output/checkpoint-4000
Configuration saved in /data/hepengyu/trainingLCM/output/checkpoint-4000/unet_target/config.json
Model weights saved in /data/hepengyu/trainingLCM/output/checkpoint-4000/unet_target/diffusion_pytorch_model.safetensors
Configuration saved in /data/hepengyu/trainingLCM/output/checkpoint-4000/unet/config.json
Model weights saved in /data/hepengyu/trainingLCM/output/checkpoint-4000/unet/diffusion_pytorch_model.safetensors
08/12/2024 20:08:52 - INFO - accelerate.checkpointing - Optimizer state saved in /data/hepengyu/trainingLCM/output/checkpoint-4000/optimizer.bin
08/12/2024 20:08:52 - INFO - accelerate.checkpointing - Scheduler state saved in /data/hepengyu/trainingLCM/output/checkpoint-4000/scheduler.bin
08/12/2024 20:08:52 - INFO - accelerate.checkpointing - Gradient scaler state saved in /data/hepengyu/trainingLCM/output/checkpoint-4000/scaler.pt
08/12/2024 20:08:52 - INFO - accelerate.checkpointing - Random states saved in /data/hepengyu/trainingLCM/output/checkpoint-4000/random_states_0.pkl
08/12/2024 20:08:52 - INFO - __main__ - Saved state to /data/hepengyu/trainingLCM/output/checkpoint-4000
08/12/2024 20:08:52 - INFO - __main__ - Running validation...
{'thresholding', 'timestep_spacing', 'timestep_scaling', 'original_inference_steps', 'clip_sample_range', 'sample_max_value', 'rescale_betas_zero_snr', 'dynamic_thresholding_ratio', 'prediction_type'} was not found in config. Values will be initialized to default values.
{'requires_safety_checker', 'image_encoder'} was not found in config. Values will be initialized to default values.
                                                                                                                                               Loaded safety_checker as StableDiffusionSafetyChecker from `safety_checker` subfolder of /data/hepengyu/teachermodels/SD1-5.
Loading pipeline components...:   0%|                                                                                    | 0/7 [00:00<?, ?it/s]Loaded tokenizer as CLIPTokenizer from `tokenizer` subfolder of /data/hepengyu/teachermodels/SD1-5.
Loaded text_encoder as CLIPTextModel from `text_encoder` subfolder of /data/hepengyu/teachermodels/SD1-5.        | 1/7 [00:00<00:01,  3.76it/s]
                                                                                                                                               Loaded feature_extractor as CLIPImageProcessor from `feature_extractor` subfolder of /data/hepengyu/teachermodels/SD1-5.
Loading pipeline components...: 100%|████████████████████████████████████████████████████████████████████████████| 7/7 [00:00<00:00, 13.47it/s]
Potential NSFW content was detected in one or more images. A black image will be returned instead. Try again with a different prompt and/or seed.
08/12/2024 20:08:56 - INFO - __main__ - Running validation...
{'thresholding', 'timestep_spacing', 'timestep_scaling', 'original_inference_steps', 'clip_sample_range', 'sample_max_value', 'rescale_betas_zero_snr', 'dynamic_thresholding_ratio', 'prediction_type'} was not found in config. Values will be initialized to default values.
{'requires_safety_checker', 'image_encoder'} was not found in config. Values will be initialized to default values.
                                                                                                                                               Loaded safety_checker as StableDiffusionSafetyChecker from `safety_checker` subfolder of /data/hepengyu/teachermodels/SD1-5.
Loading pipeline components...:   0%|                                                                                    | 0/7 [00:00<?, ?it/s]Loaded tokenizer as CLIPTokenizer from `tokenizer` subfolder of /data/hepengyu/teachermodels/SD1-5.
Loaded text_encoder as CLIPTextModel from `text_encoder` subfolder of /data/hepengyu/teachermodels/SD1-5.        | 1/7 [00:00<00:01,  3.77it/s]
                                                                                                                                               Loaded feature_extractor as CLIPImageProcessor from `feature_extractor` subfolder of /data/hepengyu/teachermodels/SD1-5.
Loading pipeline components...: 100%|████████████████████████████████████████████████████████████████████████████| 7/7 [00:00<00:00, 13.54it/s]
Potential NSFW content was detected in one or more images. A black image will be returned instead. Try again with a different prompt and/or seed.
Steps:  84%|███████████████████████████████████████████████████████████▋           | 4200/5000 [2:35:32<29:06,  2.18s/it, loss=0.0606, lr=1e-6]08/12/2024 20:16:14 - INFO - __main__ - Running validation...
{'thresholding', 'timestep_spacing', 'timestep_scaling', 'original_inference_steps', 'clip_sample_range', 'sample_max_value', 'rescale_betas_zero_snr', 'dynamic_thresholding_ratio', 'prediction_type'} was not found in config. Values will be initialized to default values.
{'requires_safety_checker', 'image_encoder'} was not found in config. Values will be initialized to default values.
                                                                                                                                               Loaded safety_checker as StableDiffusionSafetyChecker from `safety_checker` subfolder of /data/hepengyu/teachermodels/SD1-5.
Loading pipeline components...:   0%|                                                                                    | 0/7 [00:00<?, ?it/s]Loaded tokenizer as CLIPTokenizer from `tokenizer` subfolder of /data/hepengyu/teachermodels/SD1-5.
Loaded text_encoder as CLIPTextModel from `text_encoder` subfolder of /data/hepengyu/teachermodels/SD1-5.        | 1/7 [00:00<00:01,  3.68it/s]
                                                                                                                                               Loaded feature_extractor as CLIPImageProcessor from `feature_extractor` subfolder of /data/hepengyu/teachermodels/SD1-5.
Loading pipeline components...: 100%|████████████████████████████████████████████████████████████████████████████| 7/7 [00:00<00:00, 13.08it/s]
Potential NSFW content was detected in one or more images. A black image will be returned instead. Try again with a different prompt and/or seed.
Potential NSFW content was detected in one or more images. A black image will be returned instead. Try again with a different prompt and/or seed.
08/12/2024 20:16:18 - INFO - __main__ - Running validation...
{'thresholding', 'timestep_spacing', 'timestep_scaling', 'original_inference_steps', 'clip_sample_range', 'sample_max_value', 'rescale_betas_zero_snr', 'dynamic_thresholding_ratio', 'prediction_type'} was not found in config. Values will be initialized to default values.
{'requires_safety_checker', 'image_encoder'} was not found in config. Values will be initialized to default values.
                                                                                                                                               Loaded safety_checker as StableDiffusionSafetyChecker from `safety_checker` subfolder of /data/hepengyu/teachermodels/SD1-5.
Loading pipeline components...:   0%|                                                                                    | 0/7 [00:00<?, ?it/s]Loaded tokenizer as CLIPTokenizer from `tokenizer` subfolder of /data/hepengyu/teachermodels/SD1-5.
Loaded text_encoder as CLIPTextModel from `text_encoder` subfolder of /data/hepengyu/teachermodels/SD1-5.        | 1/7 [00:00<00:01,  3.69it/s]
                                                                                                                                               Loaded feature_extractor as CLIPImageProcessor from `feature_extractor` subfolder of /data/hepengyu/teachermodels/SD1-5.
Loading pipeline components...: 100%|████████████████████████████████████████████████████████████████████████████| 7/7 [00:00<00:00, 13.23it/s]
Potential NSFW content was detected in one or more images. A black image will be returned instead. Try again with a different prompt and/or seed.
Steps:  88%|██████████████████████████████████████████████████████████████▍        | 4400/5000 [2:42:55<21:46,  2.18s/it, loss=0.0562, lr=1e-6]08/12/2024 20:23:37 - INFO - __main__ - Running validation...
{'thresholding', 'timestep_spacing', 'timestep_scaling', 'original_inference_steps', 'clip_sample_range', 'sample_max_value', 'rescale_betas_zero_snr', 'dynamic_thresholding_ratio', 'prediction_type'} was not found in config. Values will be initialized to default values.
{'requires_safety_checker', 'image_encoder'} was not found in config. Values will be initialized to default values.
                                                                                                                                               Loaded safety_checker as StableDiffusionSafetyChecker from `safety_checker` subfolder of /data/hepengyu/teachermodels/SD1-5.
Loading pipeline components...:   0%|                                                                                    | 0/7 [00:00<?, ?it/s]Loaded tokenizer as CLIPTokenizer from `tokenizer` subfolder of /data/hepengyu/teachermodels/SD1-5.
Loaded text_encoder as CLIPTextModel from `text_encoder` subfolder of /data/hepengyu/teachermodels/SD1-5.        | 1/7 [00:00<00:01,  3.75it/s]
                                                                                                                                               Loaded feature_extractor as CLIPImageProcessor from `feature_extractor` subfolder of /data/hepengyu/teachermodels/SD1-5.
Loading pipeline components...: 100%|████████████████████████████████████████████████████████████████████████████| 7/7 [00:00<00:00, 13.36it/s]
Potential NSFW content was detected in one or more images. A black image will be returned instead. Try again with a different prompt and/or seed.
08/12/2024 20:23:41 - INFO - __main__ - Running validation...
{'thresholding', 'timestep_spacing', 'timestep_scaling', 'original_inference_steps', 'clip_sample_range', 'sample_max_value', 'rescale_betas_zero_snr', 'dynamic_thresholding_ratio', 'prediction_type'} was not found in config. Values will be initialized to default values.
{'requires_safety_checker', 'image_encoder'} was not found in config. Values will be initialized to default values.
                                                                                                                                               Loaded safety_checker as StableDiffusionSafetyChecker from `safety_checker` subfolder of /data/hepengyu/teachermodels/SD1-5.
Loading pipeline components...:   0%|                                                                                    | 0/7 [00:00<?, ?it/s]Loaded tokenizer as CLIPTokenizer from `tokenizer` subfolder of /data/hepengyu/teachermodels/SD1-5.
Loaded text_encoder as CLIPTextModel from `text_encoder` subfolder of /data/hepengyu/teachermodels/SD1-5.        | 1/7 [00:00<00:01,  3.77it/s]
                                                                                                                                               Loaded feature_extractor as CLIPImageProcessor from `feature_extractor` subfolder of /data/hepengyu/teachermodels/SD1-5.
Loading pipeline components...: 100%|████████████████████████████████████████████████████████████████████████████| 7/7 [00:00<00:00, 13.46it/s]
Potential NSFW content was detected in one or more images. A black image will be returned instead. Try again with a different prompt and/or seed.
Steps:  91%|████████████████████████████████████████████████████████████████▊      | 4561/5000 [2:48:53<15:53,  2.17s/it, loss=0.0802, lr=1e-6]
08/12/2024 20:45:53 - INFO - accelerate.checkpointing - Random states saved in /data/hepengyu/trainingLCM/output/checkpoint-5000/random_states_0.pkl/2024 19:39:12 - INFO - __main__ - Running validation...
08/12/2024 20:45:53 - INFO - __main__ - Saved state to /data/hepengyu/trainingLCM/output/checkpoint-5000
08/12/2024 20:45:53 - INFO - __main__ - Running validation...
{'thresholding', 'timestep_spacing', 'timestep_scaling', 'original_inference_steps', 'clip_sample_range', 'sample_max_value', 'rescale_betas_zero_snr', 'dynamic_thresholding_ratio', 'prediction_type'} was not found in config. Values will be initialized to default values.
{'requires_safety_checker', 'image_encoder'} was not found in config. Values will be initialized to default values.
                                                                                                                                               Loaded safety_checker as StableDiffusionSafetyChecker from `safety_checker` subfolder of /data/hepengyu/teachermodels/SD1-5.
Loading pipeline components...:   0%|                                                                                    | 0/7 [00:00<?, ?it/s]Loaded tokenizer as CLIPTokenizer from `tokenizer` subfolder of /data/hepengyu/teachermodels/SD1-5.
Loaded text_encoder as CLIPTextModel from `text_encoder` subfolder of /data/hepengyu/teachermodels/SD1-5.        | 1/7 [00:00<00:01,  3.81it/s]
                                                                                                                                               Loaded feature_extractor as CLIPImageProcessor from `feature_extractor` subfolder of /data/hepengyu/teachermodels/SD1-5.
Loading pipeline components...: 100%|████████████████████████████████████████████████████████████████████████████| 7/7 [00:00<00:00, 13.44it/s]
Potential NSFW content was detected in one or more images. A black image will be returned instead. Try again with a different prompt and/or seed.
08/12/2024 20:45:57 - INFO - __main__ - Running validation...
{'thresholding', 'timestep_spacing', 'timestep_scaling', 'original_inference_steps', 'clip_sample_range', 'sample_max_value', 'rescale_betas_zero_snr', 'dynamic_thresholding_ratio', 'prediction_type'} was not found in config. Values will be initialized to default values.
{'requires_safety_checker', 'image_encoder'} was not found in config. Values will be initialized to default values.
                                                                                                                                               Loaded safety_checker as StableDiffusionSafetyChecker from `safety_checker` subfolder of /data/hepengyu/teachermodels/SD1-5.
Loading pipeline components...:   0%|                                                                                    | 0/7 [00:00<?, ?it/s]Loaded tokenizer as CLIPTokenizer from `tokenizer` subfolder of /data/hepengyu/teachermodels/SD1-5.
Loaded text_encoder as CLIPTextModel from `text_encoder` subfolder of /data/hepengyu/teachermodels/SD1-5.        | 1/7 [00:00<00:01,  3.79it/s]
                                                                                                                                               Loaded feature_extractor as CLIPImageProcessor from `feature_extractor` subfolder of /data/hepengyu/teachermodels/SD1-5.
Loading pipeline components...: 100%|████████████████████████████████████████████████████████████████████████████| 7/7 [00:00<00:00, 13.44it/s]
Potential NSFW content was detected in one or more images. A black image will be returned instead. Try again with a different prompt and/or seed.
Steps: 100%|███████████████████████████████████████████████████████████████████████| 5000/5000 [3:05:20<00:00,  2.18s/it, loss=0.0436, lr=1e-6]Configuration saved in /data/hepengyu/trainingLCM/output/unet/config.json
Model weights saved in /data/hepengyu/trainingLCM/output/unet/diffusion_pytorch_model.safetensors
Configuration saved in /data/hepengyu/trainingLCM/output/unet_target/config.json
Model weights saved in /data/hepengyu/trainingLCM/output/unet_target/diffusion_pytorch_model.safetensors
08/12/2024 20:45:53 - INFO - accelerate.checkpointing - Random states saved in /data/hepengyu/trainingLCM/output/checkpoint-5000/random_states_0.pkl/2024 19:39:12 - INFO - __main__ - Running validation...