2024-04-24 16:19:28,917 INFO    StreamThr :1185753 [internal.py:wandb_internal():86] W&B internal server running at pid: 1185753, started at: 2024-04-24 16:19:28.915633
2024-04-24 16:19:28,919 DEBUG   HandlerThread:1185753 [handler.py:handle_request():146] handle_request: status
2024-04-24 16:19:28,923 INFO    WriterThread:1185753 [datastore.py:open_for_write():87] open: /home/hepengyu/training/wandb/offline-run-20240424_161928-enp9e9r3/run-enp9e9r3.wandb
2024-04-24 16:19:28,927 DEBUG   HandlerThread:1185753 [handler.py:handle_request():146] handle_request: run_start
2024-04-24 16:19:28,937 DEBUG   HandlerThread:1185753 [system_info.py:__init__():26] System info init
2024-04-24 16:19:28,937 DEBUG   HandlerThread:1185753 [system_info.py:__init__():41] System info init done
2024-04-24 16:19:28,937 INFO    HandlerThread:1185753 [system_monitor.py:start():194] Starting system monitor
2024-04-24 16:19:28,937 INFO    SystemMonitor:1185753 [system_monitor.py:_start():158] Starting system asset monitoring threads
2024-04-24 16:19:28,937 INFO    HandlerThread:1185753 [system_monitor.py:probe():214] Collecting system info
2024-04-24 16:19:28,938 INFO    SystemMonitor:1185753 [interfaces.py:start():190] Started cpu monitoring
2024-04-24 16:19:28,939 INFO    SystemMonitor:1185753 [interfaces.py:start():190] Started disk monitoring
2024-04-24 16:19:28,940 INFO    SystemMonitor:1185753 [interfaces.py:start():190] Started gpu monitoring
2024-04-24 16:19:28,941 INFO    SystemMonitor:1185753 [interfaces.py:start():190] Started memory monitoring
2024-04-24 16:19:28,941 INFO    SystemMonitor:1185753 [interfaces.py:start():190] Started network monitoring
2024-04-24 16:19:28,979 DEBUG   HandlerThread:1185753 [system_info.py:probe():150] Probing system
2024-04-24 16:19:28,981 DEBUG   HandlerThread:1185753 [gitlib.py:_init_repo():56] git repository is invalid
2024-04-24 16:19:28,981 DEBUG   HandlerThread:1185753 [system_info.py:probe():198] Probing system done
2024-04-24 16:19:28,981 DEBUG   HandlerThread:1185753 [system_monitor.py:probe():223] {'os': 'Linux-5.4.0-163-generic-x86_64-with-glibc2.31', 'python': '3.10.14', 'heartbeatAt': '2024-04-24T08:19:28.979605', 'startedAt': '2024-04-24T08:19:28.910135', 'docker': None, 'cuda': None, 'args': ('--pretrained_teacher_model=/home/hepengyu/models/LCM_build', '--output_dir=/home/hepengyu/trainingLCM/output', '--mixed_precision=fp16', '--resolution=512', '--learning_rate=1e-6', '--loss_type=huber', '--ema_decay=0.95', '--adam_weight_decay=0.0', '--max_train_steps=1000', '--max_train_samples=4000000', '--dataloader_num_workers=8', '--train_shards_path_or_url=pipe:curl -L -s file:///home/hepengyu/testdb/{00000..00001}.tar', '--validation_steps=200', '--checkpointing_steps=200', '--checkpoints_total_limit=10', '--train_batch_size=8', '--gradient_checkpointing', '--enable_xformers_memory_efficient_attention', '--gradient_accumulation_steps=1', '--use_8bit_adam', '--resume_from_checkpoint=latest', '--logging_dir=/home/hepengyu/trainingLCM/logs', '--cache_dir=/home/hepengyu/trainingLCM/cache', '--report_to=all', '--num_ddim_timesteps=50', '--seed=453645634'), 'state': 'running', 'program': '/home/hepengyu/diffusers/examples/consistency_distillation/train_lcm_distill_sd_wds.py', 'codePathLocal': None, 'host': 'gpu008', 'username': 'hepengyu', 'executable': '/home/hepengyu/anaconda3/envs/test/bin/python3.10', 'cpu_count': 24, 'cpu_count_logical': 24, 'cpu_freq': {'current': 1.5648333333333329, 'min': 1500.0, 'max': 2850.0}, 'cpu_freq_per_core': [{'current': 1.499, 'min': 1500.0, 'max': 2850.0}, {'current': 1.499, 'min': 1500.0, 'max': 2850.0}, {'current': 1.496, 'min': 1500.0, 'max': 2850.0}, {'current': 1.475, 'min': 1500.0, 'max': 2850.0}, {'current': 1.376, 'min': 1500.0, 'max': 2850.0}, {'current': 1.471, 'min': 1500.0, 'max': 2850.0}, {'current': 1.465, 'min': 1500.0, 'max': 2850.0}, {'current': 1.504, 'min': 1500.0, 'max': 2850.0}, {'current': 1.794, 'min': 1500.0, 'max': 2850.0}, {'current': 1.439, 'min': 1500.0, 'max': 2850.0}, {'current': 1.353, 'min': 1500.0, 'max': 2850.0}, {'current': 1.497, 'min': 1500.0, 'max': 2850.0}, {'current': 1.546, 'min': 1500.0, 'max': 2850.0}, {'current': 1.989, 'min': 1500.0, 'max': 2850.0}, {'current': 1.662, 'min': 1500.0, 'max': 2850.0}, {'current': 1.492, 'min': 1500.0, 'max': 2850.0}, {'current': 1.565, 'min': 1500.0, 'max': 2850.0}, {'current': 1.634, 'min': 1500.0, 'max': 2850.0}, {'current': 1.744, 'min': 1500.0, 'max': 2850.0}, {'current': 1.485, 'min': 1500.0, 'max': 2850.0}, {'current': 1.498, 'min': 1500.0, 'max': 2850.0}, {'current': 1.735, 'min': 1500.0, 'max': 2850.0}, {'current': 1.721, 'min': 1500.0, 'max': 2850.0}, {'current': 1.617, 'min': 1500.0, 'max': 2850.0}], 'disk': {'/': {'total': 846.1398582458496, 'used': 798.0749397277832}}, 'gpu': 'NVIDIA GeForce RTX 4090', 'gpu_count': 5, 'gpu_devices': [{'name': 'NVIDIA GeForce RTX 4090', 'memory_total': 25757220864}, {'name': 'NVIDIA GeForce RTX 4090', 'memory_total': 25757220864}, {'name': 'NVIDIA GeForce RTX 4090', 'memory_total': 25757220864}, {'name': 'NVIDIA GeForce RTX 4090', 'memory_total': 25757220864}, {'name': 'NVIDIA GeForce RTX 4090', 'memory_total': 25757220864}], 'memory': {'total': 503.6296157836914}}
2024-04-24 16:19:28,981 INFO    HandlerThread:1185753 [system_monitor.py:probe():224] Finished collecting system info
2024-04-24 16:19:28,981 INFO    HandlerThread:1185753 [system_monitor.py:probe():227] Publishing system info
2024-04-24 16:19:28,981 DEBUG   HandlerThread:1185753 [system_info.py:_save_conda():207] Saving list of conda packages installed into the current environment
2024-04-24 16:19:31,600 DEBUG   HandlerThread:1185753 [system_info.py:_save_conda():222] Saving conda packages done
2024-04-24 16:19:31,601 INFO    HandlerThread:1185753 [system_monitor.py:probe():229] Finished publishing system info
2024-04-24 16:19:31,709 DEBUG   HandlerThread:1185753 [handler.py:handle_request():146] handle_request: python_packages
2024-04-24 16:19:33,924 DEBUG   HandlerThread:1185753 [handler.py:handle_request():146] handle_request: status_report
2024-04-24 16:19:33,924 DEBUG   SenderThread:1185753 [sender.py:send_request():406] send_request: status_report
2024-04-24 16:19:37,146 DEBUG   HandlerThread:1185753 [handler.py:handle_request():146] handle_request: partial_history
2024-04-24 16:19:37,968 DEBUG   HandlerThread:1185753 [handler.py:handle_request():146] handle_request: partial_history
2024-04-24 16:19:38,917 DEBUG   HandlerThread:1185753 [handler.py:handle_request():146] handle_request: partial_history
2024-04-24 16:19:38,925 DEBUG   HandlerThread:1185753 [handler.py:handle_request():146] handle_request: status_report
2024-04-24 16:19:38,925 DEBUG   SenderThread:1185753 [sender.py:send_request():406] send_request: status_report
2024-04-24 16:19:39,739 DEBUG   HandlerThread:1185753 [handler.py:handle_request():146] handle_request: partial_history
2024-04-24 16:19:40,560 DEBUG   HandlerThread:1185753 [handler.py:handle_request():146] handle_request: partial_history
2024-04-24 16:19:41,381 DEBUG   HandlerThread:1185753 [handler.py:handle_request():146] handle_request: partial_history
2024-04-24 16:19:42,202 DEBUG   HandlerThread:1185753 [handler.py:handle_request():146] handle_request: partial_history
2024-04-24 16:19:43,023 DEBUG   HandlerThread:1185753 [handler.py:handle_request():146] handle_request: partial_history
2024-04-24 16:19:43,843 DEBUG   HandlerThread:1185753 [handler.py:handle_request():146] handle_request: partial_history
2024-04-24 16:19:43,926 DEBUG   HandlerThread:1185753 [handler.py:handle_request():146] handle_request: status_report
2024-04-24 16:19:43,926 DEBUG   SenderThread:1185753 [sender.py:send_request():406] send_request: status_report
2024-04-24 16:19:44,664 DEBUG   HandlerThread:1185753 [handler.py:handle_request():146] handle_request: partial_history
2024-04-24 16:19:45,484 DEBUG   HandlerThread:1185753 [handler.py:handle_request():146] handle_request: partial_history
2024-04-24 16:19:46,305 DEBUG   HandlerThread:1185753 [handler.py:handle_request():146] handle_request: partial_history
2024-04-24 16:19:47,125 DEBUG   HandlerThread:1185753 [handler.py:handle_request():146] handle_request: partial_history
2024-04-24 16:19:47,945 DEBUG   HandlerThread:1185753 [handler.py:handle_request():146] handle_request: partial_history
2024-04-24 16:19:48,766 DEBUG   HandlerThread:1185753 [handler.py:handle_request():146] handle_request: partial_history
2024-04-24 16:19:48,927 DEBUG   HandlerThread:1185753 [handler.py:handle_request():146] handle_request: status_report
2024-04-24 16:19:48,927 DEBUG   SenderThread:1185753 [sender.py:send_request():406] send_request: status_report
2024-04-24 16:19:49,587 DEBUG   HandlerThread:1185753 [handler.py:handle_request():146] handle_request: partial_history
2024-04-24 16:19:50,407 DEBUG   HandlerThread:1185753 [handler.py:handle_request():146] handle_request: partial_history
2024-04-24 16:19:51,228 DEBUG   HandlerThread:1185753 [handler.py:handle_request():146] handle_request: partial_history
2024-04-24 16:19:52,048 DEBUG   HandlerThread:1185753 [handler.py:handle_request():146] handle_request: partial_history
2024-04-24 16:19:52,869 DEBUG   HandlerThread:1185753 [handler.py:handle_request():146] handle_request: partial_history
2024-04-24 16:19:53,689 DEBUG   HandlerThread:1185753 [handler.py:handle_request():146] handle_request: partial_history
2024-04-24 16:19:53,928 DEBUG   HandlerThread:1185753 [handler.py:handle_request():146] handle_request: status_report
2024-04-24 16:19:53,928 DEBUG   SenderThread:1185753 [sender.py:send_request():406] send_request: status_report
2024-04-24 16:19:54,508 DEBUG   HandlerThread:1185753 [handler.py:handle_request():146] handle_request: partial_history
2024-04-24 16:19:55,336 DEBUG   HandlerThread:1185753 [handler.py:handle_request():146] handle_request: partial_history
2024-04-24 16:19:56,158 DEBUG   HandlerThread:1185753 [handler.py:handle_request():146] handle_request: partial_history
2024-04-24 16:19:56,980 DEBUG   HandlerThread:1185753 [handler.py:handle_request():146] handle_request: partial_history
2024-04-24 16:19:57,758 DEBUG   HandlerThread:1185753 [handler.py:handle_request():146] handle_request: partial_history
2024-04-24 16:19:58,581 DEBUG   HandlerThread:1185753 [handler.py:handle_request():146] handle_request: partial_history
2024-04-24 16:19:58,929 DEBUG   HandlerThread:1185753 [handler.py:handle_request():146] handle_request: status_report
2024-04-24 16:19:58,929 DEBUG   SenderThread:1185753 [sender.py:send_request():406] send_request: status_report
2024-04-24 16:19:59,402 DEBUG   HandlerThread:1185753 [handler.py:handle_request():146] handle_request: partial_history
2024-04-24 16:20:00,223 DEBUG   HandlerThread:1185753 [handler.py:handle_request():146] handle_request: partial_history
2024-04-24 16:20:01,046 DEBUG   HandlerThread:1185753 [handler.py:handle_request():146] handle_request: partial_history
2024-04-24 16:20:01,867 DEBUG   HandlerThread:1185753 [handler.py:handle_request():146] handle_request: partial_history
2024-04-24 16:20:02,792 DEBUG   HandlerThread:1185753 [handler.py:handle_request():146] handle_request: partial_history
2024-04-24 16:20:03,615 DEBUG   HandlerThread:1185753 [handler.py:handle_request():146] handle_request: partial_history
2024-04-24 16:20:03,930 DEBUG   HandlerThread:1185753 [handler.py:handle_request():146] handle_request: status_report
2024-04-24 16:20:03,931 DEBUG   SenderThread:1185753 [sender.py:send_request():406] send_request: status_report
2024-04-24 16:20:04,438 DEBUG   HandlerThread:1185753 [handler.py:handle_request():146] handle_request: partial_history
2024-04-24 16:20:05,260 DEBUG   HandlerThread:1185753 [handler.py:handle_request():146] handle_request: partial_history
2024-04-24 16:20:06,082 DEBUG   HandlerThread:1185753 [handler.py:handle_request():146] handle_request: partial_history
2024-04-24 16:20:06,905 DEBUG   HandlerThread:1185753 [handler.py:handle_request():146] handle_request: partial_history
2024-04-24 16:20:07,727 DEBUG   HandlerThread:1185753 [handler.py:handle_request():146] handle_request: partial_history
2024-04-24 16:20:08,548 DEBUG   HandlerThread:1185753 [handler.py:handle_request():146] handle_request: partial_history
2024-04-24 16:20:08,932 DEBUG   HandlerThread:1185753 [handler.py:handle_request():146] handle_request: status_report
2024-04-24 16:20:08,932 DEBUG   SenderThread:1185753 [sender.py:send_request():406] send_request: status_report
2024-04-24 16:20:09,374 DEBUG   HandlerThread:1185753 [handler.py:handle_request():146] handle_request: partial_history
2024-04-24 16:20:10,196 DEBUG   HandlerThread:1185753 [handler.py:handle_request():146] handle_request: partial_history
2024-04-24 16:20:11,018 DEBUG   HandlerThread:1185753 [handler.py:handle_request():146] handle_request: partial_history
2024-04-24 16:20:11,841 DEBUG   HandlerThread:1185753 [handler.py:handle_request():146] handle_request: partial_history
2024-04-24 16:20:12,662 DEBUG   HandlerThread:1185753 [handler.py:handle_request():146] handle_request: partial_history
2024-04-24 16:20:13,483 DEBUG   HandlerThread:1185753 [handler.py:handle_request():146] handle_request: partial_history
2024-04-24 16:20:13,934 DEBUG   HandlerThread:1185753 [handler.py:handle_request():146] handle_request: status_report
2024-04-24 16:20:13,934 DEBUG   SenderThread:1185753 [sender.py:send_request():406] send_request: status_report
2024-04-24 16:20:14,304 DEBUG   HandlerThread:1185753 [handler.py:handle_request():146] handle_request: partial_history
2024-04-24 16:20:15,125 DEBUG   HandlerThread:1185753 [handler.py:handle_request():146] handle_request: partial_history
2024-04-24 16:20:15,948 DEBUG   HandlerThread:1185753 [handler.py:handle_request():146] handle_request: partial_history
2024-04-24 16:20:16,770 DEBUG   HandlerThread:1185753 [handler.py:handle_request():146] handle_request: partial_history
2024-04-24 16:20:17,593 DEBUG   HandlerThread:1185753 [handler.py:handle_request():146] handle_request: partial_history
2024-04-24 16:20:18,416 DEBUG   HandlerThread:1185753 [handler.py:handle_request():146] handle_request: partial_history
2024-04-24 16:20:18,936 DEBUG   HandlerThread:1185753 [handler.py:handle_request():146] handle_request: status_report
2024-04-24 16:20:18,936 DEBUG   SenderThread:1185753 [sender.py:send_request():406] send_request: status_report
2024-04-24 16:20:19,239 DEBUG   HandlerThread:1185753 [handler.py:handle_request():146] handle_request: partial_history
2024-04-24 16:20:20,062 DEBUG   HandlerThread:1185753 [handler.py:handle_request():146] handle_request: partial_history
2024-04-24 16:20:20,883 DEBUG   HandlerThread:1185753 [handler.py:handle_request():146] handle_request: partial_history
2024-04-24 16:20:21,705 DEBUG   HandlerThread:1185753 [handler.py:handle_request():146] handle_request: partial_history
2024-04-24 16:20:22,526 DEBUG   HandlerThread:1185753 [handler.py:handle_request():146] handle_request: partial_history
2024-04-24 16:20:23,450 DEBUG   HandlerThread:1185753 [handler.py:handle_request():146] handle_request: partial_history
2024-04-24 16:20:23,937 DEBUG   HandlerThread:1185753 [handler.py:handle_request():146] handle_request: status_report
2024-04-24 16:20:23,937 DEBUG   SenderThread:1185753 [sender.py:send_request():406] send_request: status_report
2024-04-24 16:20:24,271 DEBUG   HandlerThread:1185753 [handler.py:handle_request():146] handle_request: partial_history
2024-04-24 16:20:25,094 DEBUG   HandlerThread:1185753 [handler.py:handle_request():146] handle_request: partial_history
2024-04-24 16:20:25,916 DEBUG   HandlerThread:1185753 [handler.py:handle_request():146] handle_request: partial_history
2024-04-24 16:20:26,737 DEBUG   HandlerThread:1185753 [handler.py:handle_request():146] handle_request: partial_history
2024-04-24 16:20:27,560 DEBUG   HandlerThread:1185753 [handler.py:handle_request():146] handle_request: partial_history
2024-04-24 16:20:28,385 DEBUG   HandlerThread:1185753 [handler.py:handle_request():146] handle_request: partial_history
2024-04-24 16:20:28,939 DEBUG   HandlerThread:1185753 [handler.py:handle_request():146] handle_request: status_report
2024-04-24 16:20:28,939 DEBUG   SenderThread:1185753 [sender.py:send_request():406] send_request: status_report
2024-04-24 16:20:28,942 DEBUG   SystemMonitor:1185753 [system_monitor.py:_start():172] Starting system metrics aggregation loop
2024-04-24 16:20:29,207 DEBUG   HandlerThread:1185753 [handler.py:handle_request():146] handle_request: partial_history
2024-04-24 16:20:30,032 DEBUG   HandlerThread:1185753 [handler.py:handle_request():146] handle_request: partial_history
2024-04-24 16:20:30,855 DEBUG   HandlerThread:1185753 [handler.py:handle_request():146] handle_request: partial_history
2024-04-24 16:20:31,678 DEBUG   HandlerThread:1185753 [handler.py:handle_request():146] handle_request: partial_history
2024-04-24 16:20:32,501 DEBUG   HandlerThread:1185753 [handler.py:handle_request():146] handle_request: partial_history
2024-04-24 16:20:33,323 DEBUG   HandlerThread:1185753 [handler.py:handle_request():146] handle_request: partial_history
2024-04-24 16:20:33,940 DEBUG   HandlerThread:1185753 [handler.py:handle_request():146] handle_request: status_report
2024-04-24 16:20:33,940 DEBUG   SenderThread:1185753 [sender.py:send_request():406] send_request: status_report
2024-04-24 16:20:34,145 DEBUG   HandlerThread:1185753 [handler.py:handle_request():146] handle_request: partial_history
2024-04-24 16:20:34,968 DEBUG   HandlerThread:1185753 [handler.py:handle_request():146] handle_request: partial_history
2024-04-24 16:20:35,790 DEBUG   HandlerThread:1185753 [handler.py:handle_request():146] handle_request: partial_history
2024-04-24 16:20:36,613 DEBUG   HandlerThread:1185753 [handler.py:handle_request():146] handle_request: partial_history
2024-04-24 16:20:37,436 DEBUG   HandlerThread:1185753 [handler.py:handle_request():146] handle_request: partial_history
2024-04-24 16:20:38,260 DEBUG   HandlerThread:1185753 [handler.py:handle_request():146] handle_request: partial_history
2024-04-24 16:20:38,942 DEBUG   HandlerThread:1185753 [handler.py:handle_request():146] handle_request: status_report
2024-04-24 16:20:38,942 DEBUG   SenderThread:1185753 [sender.py:send_request():406] send_request: status_report
2024-04-24 16:20:39,084 DEBUG   HandlerThread:1185753 [handler.py:handle_request():146] handle_request: partial_history
2024-04-24 16:20:39,906 DEBUG   HandlerThread:1185753 [handler.py:handle_request():146] handle_request: partial_history
2024-04-24 16:20:40,728 DEBUG   HandlerThread:1185753 [handler.py:handle_request():146] handle_request: partial_history
2024-04-24 16:20:41,550 DEBUG   HandlerThread:1185753 [handler.py:handle_request():146] handle_request: partial_history
2024-04-24 16:20:42,372 DEBUG   HandlerThread:1185753 [handler.py:handle_request():146] handle_request: partial_history
2024-04-24 16:20:43,196 DEBUG   HandlerThread:1185753 [handler.py:handle_request():146] handle_request: partial_history
2024-04-24 16:20:43,943 DEBUG   HandlerThread:1185753 [handler.py:handle_request():146] handle_request: status_report
2024-04-24 16:20:43,944 DEBUG   SenderThread:1185753 [sender.py:send_request():406] send_request: status_report
2024-04-24 16:20:44,127 DEBUG   HandlerThread:1185753 [handler.py:handle_request():146] handle_request: partial_history
2024-04-24 16:20:44,949 DEBUG   HandlerThread:1185753 [handler.py:handle_request():146] handle_request: partial_history
2024-04-24 16:20:45,772 DEBUG   HandlerThread:1185753 [handler.py:handle_request():146] handle_request: partial_history
2024-04-24 16:20:46,600 DEBUG   HandlerThread:1185753 [handler.py:handle_request():146] handle_request: partial_history
2024-04-24 16:20:47,424 DEBUG   HandlerThread:1185753 [handler.py:handle_request():146] handle_request: partial_history
2024-04-24 16:20:48,253 DEBUG   HandlerThread:1185753 [handler.py:handle_request():146] handle_request: partial_history
2024-04-24 16:20:48,945 DEBUG   HandlerThread:1185753 [handler.py:handle_request():146] handle_request: status_report
2024-04-24 16:20:48,945 DEBUG   SenderThread:1185753 [sender.py:send_request():406] send_request: status_report
2024-04-24 16:20:49,077 DEBUG   HandlerThread:1185753 [handler.py:handle_request():146] handle_request: partial_history
2024-04-24 16:20:49,901 DEBUG   HandlerThread:1185753 [handler.py:handle_request():146] handle_request: partial_history
2024-04-24 16:20:50,725 DEBUG   HandlerThread:1185753 [handler.py:handle_request():146] handle_request: partial_history
2024-04-24 16:20:51,548 DEBUG   HandlerThread:1185753 [handler.py:handle_request():146] handle_request: partial_history
2024-04-24 16:20:52,371 DEBUG   HandlerThread:1185753 [handler.py:handle_request():146] handle_request: partial_history
2024-04-24 16:20:53,195 DEBUG   HandlerThread:1185753 [handler.py:handle_request():146] handle_request: partial_history
2024-04-24 16:20:53,946 DEBUG   HandlerThread:1185753 [handler.py:handle_request():146] handle_request: status_report
2024-04-24 16:20:53,946 DEBUG   SenderThread:1185753 [sender.py:send_request():406] send_request: status_report
2024-04-24 16:20:54,017 DEBUG   HandlerThread:1185753 [handler.py:handle_request():146] handle_request: partial_history
2024-04-24 16:20:54,840 DEBUG   HandlerThread:1185753 [handler.py:handle_request():146] handle_request: partial_history
2024-04-24 16:20:55,663 DEBUG   HandlerThread:1185753 [handler.py:handle_request():146] handle_request: partial_history
2024-04-24 16:20:56,488 DEBUG   HandlerThread:1185753 [handler.py:handle_request():146] handle_request: partial_history
2024-04-24 16:20:57,312 DEBUG   HandlerThread:1185753 [handler.py:handle_request():146] handle_request: partial_history
2024-04-24 16:20:58,136 DEBUG   HandlerThread:1185753 [handler.py:handle_request():146] handle_request: partial_history
2024-04-24 16:20:58,947 DEBUG   HandlerThread:1185753 [handler.py:handle_request():146] handle_request: status_report
2024-04-24 16:20:58,947 DEBUG   SenderThread:1185753 [sender.py:send_request():406] send_request: status_report
2024-04-24 16:20:58,961 DEBUG   HandlerThread:1185753 [handler.py:handle_request():146] handle_request: partial_history
2024-04-24 16:20:59,785 DEBUG   HandlerThread:1185753 [handler.py:handle_request():146] handle_request: partial_history
2024-04-24 16:21:00,608 DEBUG   HandlerThread:1185753 [handler.py:handle_request():146] handle_request: partial_history
2024-04-24 16:21:01,432 DEBUG   HandlerThread:1185753 [handler.py:handle_request():146] handle_request: partial_history
2024-04-24 16:21:02,255 DEBUG   HandlerThread:1185753 [handler.py:handle_request():146] handle_request: partial_history
2024-04-24 16:21:03,079 DEBUG   HandlerThread:1185753 [handler.py:handle_request():146] handle_request: partial_history
2024-04-24 16:21:03,948 DEBUG   HandlerThread:1185753 [handler.py:handle_request():146] handle_request: status_report
2024-04-24 16:21:03,948 DEBUG   SenderThread:1185753 [sender.py:send_request():406] send_request: status_report
2024-04-24 16:21:04,011 DEBUG   HandlerThread:1185753 [handler.py:handle_request():146] handle_request: partial_history
2024-04-24 16:21:04,834 DEBUG   HandlerThread:1185753 [handler.py:handle_request():146] handle_request: partial_history
2024-04-24 16:21:05,658 DEBUG   HandlerThread:1185753 [handler.py:handle_request():146] handle_request: partial_history
2024-04-24 16:21:06,481 DEBUG   HandlerThread:1185753 [handler.py:handle_request():146] handle_request: partial_history
2024-04-24 16:21:07,305 DEBUG   HandlerThread:1185753 [handler.py:handle_request():146] handle_request: partial_history
2024-04-24 16:21:08,129 DEBUG   HandlerThread:1185753 [handler.py:handle_request():146] handle_request: partial_history
2024-04-24 16:21:08,949 DEBUG   HandlerThread:1185753 [handler.py:handle_request():146] handle_request: status_report
2024-04-24 16:21:08,950 DEBUG   SenderThread:1185753 [sender.py:send_request():406] send_request: status_report
2024-04-24 16:21:08,952 DEBUG   HandlerThread:1185753 [handler.py:handle_request():146] handle_request: partial_history
2024-04-24 16:21:09,776 DEBUG   HandlerThread:1185753 [handler.py:handle_request():146] handle_request: partial_history
2024-04-24 16:21:10,599 DEBUG   HandlerThread:1185753 [handler.py:handle_request():146] handle_request: partial_history
2024-04-24 16:21:11,422 DEBUG   HandlerThread:1185753 [handler.py:handle_request():146] handle_request: partial_history
2024-04-24 16:21:12,245 DEBUG   HandlerThread:1185753 [handler.py:handle_request():146] handle_request: partial_history
2024-04-24 16:21:13,069 DEBUG   HandlerThread:1185753 [handler.py:handle_request():146] handle_request: partial_history
2024-04-24 16:21:13,893 DEBUG   HandlerThread:1185753 [handler.py:handle_request():146] handle_request: partial_history
2024-04-24 16:21:13,951 DEBUG   HandlerThread:1185753 [handler.py:handle_request():146] handle_request: status_report
2024-04-24 16:21:13,951 DEBUG   SenderThread:1185753 [sender.py:send_request():406] send_request: status_report
2024-04-24 16:21:14,717 DEBUG   HandlerThread:1185753 [handler.py:handle_request():146] handle_request: partial_history
2024-04-24 16:21:15,540 DEBUG   HandlerThread:1185753 [handler.py:handle_request():146] handle_request: partial_history
2024-04-24 16:21:16,364 DEBUG   HandlerThread:1185753 [handler.py:handle_request():146] handle_request: partial_history
2024-04-24 16:21:17,186 DEBUG   HandlerThread:1185753 [handler.py:handle_request():146] handle_request: partial_history
2024-04-24 16:21:18,009 DEBUG   HandlerThread:1185753 [handler.py:handle_request():146] handle_request: partial_history
2024-04-24 16:21:18,833 DEBUG   HandlerThread:1185753 [handler.py:handle_request():146] handle_request: partial_history
2024-04-24 16:21:18,952 DEBUG   HandlerThread:1185753 [handler.py:handle_request():146] handle_request: status_report
2024-04-24 16:21:18,952 DEBUG   SenderThread:1185753 [sender.py:send_request():406] send_request: status_report
2024-04-24 16:21:19,656 DEBUG   HandlerThread:1185753 [handler.py:handle_request():146] handle_request: partial_history
2024-04-24 16:21:20,480 DEBUG   HandlerThread:1185753 [handler.py:handle_request():146] handle_request: partial_history
2024-04-24 16:21:21,305 DEBUG   HandlerThread:1185753 [handler.py:handle_request():146] handle_request: partial_history
2024-04-24 16:21:22,128 DEBUG   HandlerThread:1185753 [handler.py:handle_request():146] handle_request: partial_history
2024-04-24 16:21:22,951 DEBUG   HandlerThread:1185753 [handler.py:handle_request():146] handle_request: partial_history
2024-04-24 16:21:23,881 DEBUG   HandlerThread:1185753 [handler.py:handle_request():146] handle_request: partial_history
2024-04-24 16:21:23,953 DEBUG   HandlerThread:1185753 [handler.py:handle_request():146] handle_request: status_report
2024-04-24 16:21:23,953 DEBUG   SenderThread:1185753 [sender.py:send_request():406] send_request: status_report
2024-04-24 16:21:24,705 DEBUG   HandlerThread:1185753 [handler.py:handle_request():146] handle_request: partial_history
2024-04-24 16:21:25,528 DEBUG   HandlerThread:1185753 [handler.py:handle_request():146] handle_request: partial_history
2024-04-24 16:21:26,351 DEBUG   HandlerThread:1185753 [handler.py:handle_request():146] handle_request: partial_history
2024-04-24 16:21:27,175 DEBUG   HandlerThread:1185753 [handler.py:handle_request():146] handle_request: partial_history
2024-04-24 16:21:28,000 DEBUG   HandlerThread:1185753 [handler.py:handle_request():146] handle_request: partial_history
2024-04-24 16:21:28,823 DEBUG   HandlerThread:1185753 [handler.py:handle_request():146] handle_request: partial_history
2024-04-24 16:21:28,954 DEBUG   HandlerThread:1185753 [handler.py:handle_request():146] handle_request: status_report
2024-04-24 16:21:28,955 DEBUG   SenderThread:1185753 [sender.py:send_request():406] send_request: status_report
2024-04-24 16:21:29,649 DEBUG   HandlerThread:1185753 [handler.py:handle_request():146] handle_request: partial_history
2024-04-24 16:21:30,474 DEBUG   HandlerThread:1185753 [handler.py:handle_request():146] handle_request: partial_history
2024-04-24 16:21:31,297 DEBUG   HandlerThread:1185753 [handler.py:handle_request():146] handle_request: partial_history
2024-04-24 16:21:32,121 DEBUG   HandlerThread:1185753 [handler.py:handle_request():146] handle_request: partial_history
2024-04-24 16:21:32,945 DEBUG   HandlerThread:1185753 [handler.py:handle_request():146] handle_request: partial_history
2024-04-24 16:21:33,769 DEBUG   HandlerThread:1185753 [handler.py:handle_request():146] handle_request: partial_history
2024-04-24 16:21:33,956 DEBUG   HandlerThread:1185753 [handler.py:handle_request():146] handle_request: status_report
2024-04-24 16:21:33,956 DEBUG   SenderThread:1185753 [sender.py:send_request():406] send_request: status_report
2024-04-24 16:21:34,592 DEBUG   HandlerThread:1185753 [handler.py:handle_request():146] handle_request: partial_history
2024-04-24 16:21:35,416 DEBUG   HandlerThread:1185753 [handler.py:handle_request():146] handle_request: partial_history
2024-04-24 16:21:36,241 DEBUG   HandlerThread:1185753 [handler.py:handle_request():146] handle_request: partial_history
2024-04-24 16:21:37,065 DEBUG   HandlerThread:1185753 [handler.py:handle_request():146] handle_request: partial_history
2024-04-24 16:21:37,888 DEBUG   HandlerThread:1185753 [handler.py:handle_request():146] handle_request: partial_history
2024-04-24 16:21:38,712 DEBUG   HandlerThread:1185753 [handler.py:handle_request():146] handle_request: partial_history
2024-04-24 16:21:38,957 DEBUG   HandlerThread:1185753 [handler.py:handle_request():146] handle_request: status_report
2024-04-24 16:21:38,957 DEBUG   SenderThread:1185753 [sender.py:send_request():406] send_request: status_report
2024-04-24 16:21:39,536 DEBUG   HandlerThread:1185753 [handler.py:handle_request():146] handle_request: partial_history
2024-04-24 16:21:40,361 DEBUG   HandlerThread:1185753 [handler.py:handle_request():146] handle_request: partial_history
2024-04-24 16:21:41,185 DEBUG   HandlerThread:1185753 [handler.py:handle_request():146] handle_request: partial_history
2024-04-24 16:21:42,011 DEBUG   HandlerThread:1185753 [handler.py:handle_request():146] handle_request: partial_history
2024-04-24 16:21:42,840 DEBUG   HandlerThread:1185753 [handler.py:handle_request():146] handle_request: partial_history
2024-04-24 16:21:43,772 DEBUG   HandlerThread:1185753 [handler.py:handle_request():146] handle_request: partial_history
2024-04-24 16:21:43,958 DEBUG   HandlerThread:1185753 [handler.py:handle_request():146] handle_request: status_report
2024-04-24 16:21:43,958 DEBUG   SenderThread:1185753 [sender.py:send_request():406] send_request: status_report
2024-04-24 16:21:44,596 DEBUG   HandlerThread:1185753 [handler.py:handle_request():146] handle_request: partial_history
2024-04-24 16:21:45,430 DEBUG   HandlerThread:1185753 [handler.py:handle_request():146] handle_request: partial_history
2024-04-24 16:21:46,263 DEBUG   HandlerThread:1185753 [handler.py:handle_request():146] handle_request: partial_history
2024-04-24 16:21:47,143 DEBUG   HandlerThread:1185753 [handler.py:handle_request():146] handle_request: partial_history
2024-04-24 16:21:47,975 DEBUG   HandlerThread:1185753 [handler.py:handle_request():146] handle_request: partial_history
2024-04-24 16:21:48,797 DEBUG   HandlerThread:1185753 [handler.py:handle_request():146] handle_request: partial_history
2024-04-24 16:21:48,959 DEBUG   HandlerThread:1185753 [handler.py:handle_request():146] handle_request: status_report
2024-04-24 16:21:48,959 DEBUG   SenderThread:1185753 [sender.py:send_request():406] send_request: status_report
2024-04-24 16:21:49,624 DEBUG   HandlerThread:1185753 [handler.py:handle_request():146] handle_request: partial_history
2024-04-24 16:21:50,448 DEBUG   HandlerThread:1185753 [handler.py:handle_request():146] handle_request: partial_history
2024-04-24 16:21:51,272 DEBUG   HandlerThread:1185753 [handler.py:handle_request():146] handle_request: partial_history
2024-04-24 16:21:52,094 DEBUG   HandlerThread:1185753 [handler.py:handle_request():146] handle_request: partial_history
2024-04-24 16:21:52,916 DEBUG   HandlerThread:1185753 [handler.py:handle_request():146] handle_request: partial_history
2024-04-24 16:21:53,739 DEBUG   HandlerThread:1185753 [handler.py:handle_request():146] handle_request: partial_history
2024-04-24 16:21:53,961 DEBUG   HandlerThread:1185753 [handler.py:handle_request():146] handle_request: status_report
2024-04-24 16:21:53,961 DEBUG   SenderThread:1185753 [sender.py:send_request():406] send_request: status_report
2024-04-24 16:21:54,562 DEBUG   HandlerThread:1185753 [handler.py:handle_request():146] handle_request: partial_history
2024-04-24 16:21:55,385 DEBUG   HandlerThread:1185753 [handler.py:handle_request():146] handle_request: partial_history
2024-04-24 16:21:56,208 DEBUG   HandlerThread:1185753 [handler.py:handle_request():146] handle_request: partial_history
2024-04-24 16:21:57,030 DEBUG   HandlerThread:1185753 [handler.py:handle_request():146] handle_request: partial_history
2024-04-24 16:21:57,852 DEBUG   HandlerThread:1185753 [handler.py:handle_request():146] handle_request: partial_history
2024-04-24 16:21:58,674 DEBUG   HandlerThread:1185753 [handler.py:handle_request():146] handle_request: partial_history
2024-04-24 16:21:58,962 DEBUG   HandlerThread:1185753 [handler.py:handle_request():146] handle_request: status_report
2024-04-24 16:21:58,963 DEBUG   SenderThread:1185753 [sender.py:send_request():406] send_request: status_report
2024-04-24 16:21:59,497 DEBUG   HandlerThread:1185753 [handler.py:handle_request():146] handle_request: partial_history
2024-04-24 16:22:00,319 DEBUG   HandlerThread:1185753 [handler.py:handle_request():146] handle_request: partial_history
2024-04-24 16:22:01,141 DEBUG   HandlerThread:1185753 [handler.py:handle_request():146] handle_request: partial_history
2024-04-24 16:22:01,963 DEBUG   HandlerThread:1185753 [handler.py:handle_request():146] handle_request: partial_history
2024-04-24 16:22:02,787 DEBUG   HandlerThread:1185753 [handler.py:handle_request():146] handle_request: partial_history
2024-04-24 16:22:03,714 DEBUG   HandlerThread:1185753 [handler.py:handle_request():146] handle_request: partial_history
2024-04-24 16:22:03,964 DEBUG   HandlerThread:1185753 [handler.py:handle_request():146] handle_request: status_report
2024-04-24 16:22:03,965 DEBUG   SenderThread:1185753 [sender.py:send_request():406] send_request: status_report
2024-04-24 16:22:04,537 DEBUG   HandlerThread:1185753 [handler.py:handle_request():146] handle_request: partial_history
2024-04-24 16:22:05,359 DEBUG   HandlerThread:1185753 [handler.py:handle_request():146] handle_request: partial_history
2024-04-24 16:22:06,187 DEBUG   HandlerThread:1185753 [handler.py:handle_request():146] handle_request: partial_history
2024-04-24 16:22:07,009 DEBUG   HandlerThread:1185753 [handler.py:handle_request():146] handle_request: partial_history
2024-04-24 16:22:07,831 DEBUG   HandlerThread:1185753 [handler.py:handle_request():146] handle_request: partial_history
2024-04-24 16:22:08,654 DEBUG   HandlerThread:1185753 [handler.py:handle_request():146] handle_request: partial_history
2024-04-24 16:22:08,966 DEBUG   HandlerThread:1185753 [handler.py:handle_request():146] handle_request: status_report
2024-04-24 16:22:08,966 DEBUG   SenderThread:1185753 [sender.py:send_request():406] send_request: status_report
2024-04-24 16:22:09,476 DEBUG   HandlerThread:1185753 [handler.py:handle_request():146] handle_request: partial_history
2024-04-24 16:22:10,299 DEBUG   HandlerThread:1185753 [handler.py:handle_request():146] handle_request: partial_history
2024-04-24 16:22:11,124 DEBUG   HandlerThread:1185753 [handler.py:handle_request():146] handle_request: partial_history
2024-04-24 16:22:11,946 DEBUG   HandlerThread:1185753 [handler.py:handle_request():146] handle_request: partial_history
2024-04-24 16:22:12,769 DEBUG   HandlerThread:1185753 [handler.py:handle_request():146] handle_request: partial_history
2024-04-24 16:22:13,591 DEBUG   HandlerThread:1185753 [handler.py:handle_request():146] handle_request: partial_history
2024-04-24 16:22:13,967 DEBUG   HandlerThread:1185753 [handler.py:handle_request():146] handle_request: status_report
2024-04-24 16:22:13,967 DEBUG   SenderThread:1185753 [sender.py:send_request():406] send_request: status_report
2024-04-24 16:22:14,412 DEBUG   HandlerThread:1185753 [handler.py:handle_request():146] handle_request: partial_history
2024-04-24 16:22:15,234 DEBUG   HandlerThread:1185753 [handler.py:handle_request():146] handle_request: partial_history
2024-04-24 16:22:16,057 DEBUG   HandlerThread:1185753 [handler.py:handle_request():146] handle_request: partial_history
2024-04-24 16:22:16,880 DEBUG   HandlerThread:1185753 [handler.py:handle_request():146] handle_request: partial_history
2024-04-24 16:22:17,703 DEBUG   HandlerThread:1185753 [handler.py:handle_request():146] handle_request: partial_history
2024-04-24 16:22:18,526 DEBUG   HandlerThread:1185753 [handler.py:handle_request():146] handle_request: partial_history
2024-04-24 16:22:18,969 DEBUG   HandlerThread:1185753 [handler.py:handle_request():146] handle_request: status_report
2024-04-24 16:22:18,969 DEBUG   SenderThread:1185753 [sender.py:send_request():406] send_request: status_report
2024-04-24 16:22:19,348 DEBUG   HandlerThread:1185753 [handler.py:handle_request():146] handle_request: partial_history
2024-04-24 16:22:20,171 DEBUG   HandlerThread:1185753 [handler.py:handle_request():146] handle_request: partial_history
2024-04-24 16:22:20,993 DEBUG   HandlerThread:1185753 [handler.py:handle_request():146] handle_request: partial_history
2024-04-24 16:22:23,970 DEBUG   HandlerThread:1185753 [handler.py:handle_request():146] handle_request: status_report
2024-04-24 16:22:23,970 DEBUG   SenderThread:1185753 [sender.py:send_request():406] send_request: status_report
2024-04-24 16:22:27,971 INFO    SenderThread:1185753 [sender.py:finish():1546] shutting down sender
2024-04-24 16:22:28,041 INFO    HandlerThread:1185753 [handler.py:finish():866] shutting down handler
2024-04-24 16:22:28,041 INFO    HandlerThread:1185753 [system_monitor.py:finish():203] Stopping system monitor
2024-04-24 16:22:28,041 DEBUG   SystemMonitor:1185753 [system_monitor.py:_start():179] Finished system metrics aggregation loop
2024-04-24 16:22:28,042 INFO    HandlerThread:1185753 [interfaces.py:finish():202] Joined cpu monitor
2024-04-24 16:22:28,043 DEBUG   SystemMonitor:1185753 [system_monitor.py:_start():183] Publishing last batch of metrics
2024-04-24 16:22:28,043 INFO    HandlerThread:1185753 [interfaces.py:finish():202] Joined disk monitor
2024-04-24 16:22:28,277 INFO    HandlerThread:1185753 [interfaces.py:finish():202] Joined gpu monitor
2024-04-24 16:22:28,277 INFO    HandlerThread:1185753 [interfaces.py:finish():202] Joined memory monitor
2024-04-24 16:22:28,277 INFO    HandlerThread:1185753 [interfaces.py:finish():202] Joined network monitor
2024-04-24 16:22:28,631 ERROR   StreamThr :1185753 [internal.py:wandb_internal():174] Thread WriterThread:
Traceback (most recent call last):
  File "/home/hepengyu/anaconda3/envs/test/lib/python3.10/site-packages/wandb/sdk/internal/internal_util.py", line 49, in run
    self._run()
  File "/home/hepengyu/anaconda3/envs/test/lib/python3.10/site-packages/wandb/sdk/internal/internal_util.py", line 100, in _run
    self._process(record)
  File "/home/hepengyu/anaconda3/envs/test/lib/python3.10/site-packages/wandb/sdk/internal/internal.py", line 380, in _process
    self._wm.write(record)
  File "/home/hepengyu/anaconda3/envs/test/lib/python3.10/site-packages/wandb/sdk/internal/writer.py", line 154, in write
    write_handler(record)
  File "/home/hepengyu/anaconda3/envs/test/lib/python3.10/site-packages/wandb/sdk/internal/writer.py", line 135, in _write
    self._write_record(record)
  File "/home/hepengyu/anaconda3/envs/test/lib/python3.10/site-packages/wandb/sdk/internal/writer.py", line 109, in _write_record
    ret = self._ds.write(record)
  File "/home/hepengyu/anaconda3/envs/test/lib/python3.10/site-packages/wandb/sdk/internal/datastore.py", line 291, in write
    ret = self._write_data(s)
  File "/home/hepengyu/anaconda3/envs/test/lib/python3.10/site-packages/wandb/sdk/internal/datastore.py", line 247, in _write_data
    self._write_record(s)
  File "/home/hepengyu/anaconda3/envs/test/lib/python3.10/site-packages/wandb/sdk/internal/datastore.py", line 226, in _write_record
    self._fp.write(s)
OSError: [Errno 28] No space left on device
